<?xml version="1.0" encoding="utf-8"?>
<TestRun id="3f01f13c-577b-4068-bd2c-24a3d96c6b7e" name="Usuario@DESKTOP-BH5OFV8 2026-09-16 22:42:00" runUser="DESKTOP-BH5OFV8\Usuario" xmlns="http://microsoft.com/schemas/VisualStudio/TeamTest/2010">
  <Times creation="2026-09-16T22:42:00.6986613-05:00" queuing="2026-09-16T22:42:00.6986617-05:00" start="2026-09-16T22:41:59.9025369-05:00" finish="2026-09-16T22:42:03.0709394-05:00" />
  <TestSettings name="default" id="ec7ce81c-2b5a-4840-b06b-a5ddcd0865f8">
    <Deployment runDeploymentRoot="Usuario_DESKTOP-BH5OFV8_2026-09-16_22_42_00" />
  </TestSettings>
  <Results>
    <UnitTestResult executionId="e51de41d-cb51-4537-8ff6-4757e3cee540" testId="89124a9f-4ea2-f34c-a018-7a22f1f0eff3" testName="TomerGroup.Tests.Phase3CustomerTests.SafeDeletion_PreventsDeletingCustomerWithActiveTrips" computerName="DESKTOP-BH5OFV8" duration="00:00:00.0028806" startTime="2026-09-16T22:42:01.8188043-05:00" endTime="2026-09-16T22:42:01.8188044-05:00" testType="13cdc9d9-ddb5-4fa4-a97d-d965ccfc6d4b" outcome="Passed" testListId="8c84fa94-04c1-424b-9868-57a2d4851a1d" relativeResultsDirectory="e51de41d-cb51-4537-8ff6-4757e3cee540" />
    <UnitTestResult executionId="ebb8c15e-1dac-430a-9b04-36cff0c7e73a" testId="56eaeaed-8775-714e-5646-2781a700f930" testName="TomerGroup.Tests.Phase2AuthenticationTests.PasswordRecovery_FullFlow_ResetAndRevokeSessions" computerName="DESKTOP-BH5OFV8" duration="00:00:01.4285618" startTime="2026-09-16T22:42:02.0376165-05:00" endTime="2026-09-16T22:42:02.0376167-05:00" testType="13cdc9d9-ddb5-4fa4-a97d-d965ccfc6d4b" outcome="Passed" testListId="8c84fa94-04c1-424b-9868-57a2d4851a1d" relativeResultsDirectory="ebb8c15e-1dac-430a-9b04-36cff0c7e73a" />
    <UnitTestResult executionId="f5a90f72-1fbf-4a63-aa72-330124efd9af" testId="47fd88a7-a856-3d45-e969-035e3733403b" testName="TomerGroup.Tests.Phase7PaymentsExpensesTests.PaymentRecording_WithCurrencyConversion_ConvertsSolToUsdCorrectly" computerName="DESKTOP-BH5OFV8" duration="00:00:00.0194238" startTime="2026-09-16T22:42:01.9633317-05:00" endTime="2026-09-16T22:42:01.9633319-05:00" testType="13cdc9d9-ddb5-4fa4-a97d-d965ccfc6d4b" outcome="Passed" testListId="8c84fa94-04c1-424b-9868-57a2d4851a1d" relativeResultsDirectory="f5a90f72-1fbf-4a63-aa72-330124efd9af" />
    <UnitTestResult executionId="11d14bd0-cbc2-49b3-a733-7eab30f6d19c" testId="af7352c2-2e5a-02bc-5aa0-9610c291c2e3" testName="TomerGroup.Tests.Phase16MobileNavigationTests.LocalizationService_SupportsHebrewRtlAndDirectionalProperties" computerName="DESKTOP-BH5OFV8" duration="00:00:00.0049314" startTime="2026-09-16T22:42:00.6176522-05:00" endTime="2026-09-16T22:42:00.6176798-05:00" testType="13cdc9d9-ddb5-4fa4-a97d-d965ccfc6d4b" outcome="Passed" testListId="8c84fa94-04c1-424b-9868-57a2d4851a1d" relativeResultsDirectory="11d14bd0-cbc2-49b3-a733-7eab30f6d19c" />
    <UnitTestResult executionId="905b5f8d-27c4-412b-bd27-bf556b8fb441" testId="3234559f-9f32-43d6-7c99-1e4854d18d83" testName="TomerGroup.Tests.Phase2AuthenticationTests.RefreshTokenRotation_GeneratesNewPairAndRevokesOld" computerName="DESKTOP-BH5OFV8" duration="00:00:00.0952515" startTime="2026-09-16T22:42:02.6085377-05:00" endTime="2026-09-16T22:42:02.6085379-05:00" testType="13cdc9d9-ddb5-4fa4-a97d-d965ccfc6d4b" outcome="Passed" testListId="8c84fa94-04c1-424b-9868-57a2d4851a1d" relativeResultsDirectory="905b5f8d-27c4-412b-bd27-bf556b8fb441" />
    <UnitTestResult executionId="f4f92e18-fe90-4ebd-b3c4-c60103474fec" testId="ef5ba895-c88e-6632-739b-15c88229bd62" testName="TomerGroup.Tests.Phase5ToursHotelsTransportationTests.HotelBooking_GeneratesConfirmationNumber_AndEnforcesCustomerIsolation" computerName="DESKTOP-BH5OFV8" duration="00:00:00.0513722" startTime="2026-09-16T22:42:02.2726714-05:00" endTime="2026-09-16T22:42:02.2726715-05:00" testType="13cdc9d9-ddb5-4fa4-a97d-d965ccfc6d4b" outcome="Passed" testListId="8c84fa94-04c1-424b-9868-57a2d4851a1d" relativeResultsDirectory="f4f92e18-fe90-4ebd-b3c4-c60103474fec" />
    <UnitTestResult executionId="ac09d1b4-0faa-46e1-a8d7-c4cb51762885" testId="4cc84aad-2f75-0930-a78e-839664632186" testName="TomerGroup.Tests.Phase5ToursHotelsTransportationTests.CustomerIsolation_CustomerACannotAccessCustomerBTransfers" computerName="DESKTOP-BH5OFV8" duration="00:00:00.0031137" startTime="2026-09-16T22:42:02.2211787-05:00" endTime="2026-09-16T22:42:02.2211787-05:00" testType="13cdc9d9-ddb5-4fa4-a97d-d965ccfc6d4b" outcome="Passed" testListId="8c84fa94-04c1-424b-9868-57a2d4851a1d" relativeResultsDirectory="ac09d1b4-0faa-46e1-a8d7-c4cb51762885" />
    <UnitTestResult executionId="c5bdf35e-cdf9-4b63-bf66-11d569d38af1" testId="8e9675b3-4823-0e7b-9bc5-9be4f4bb863f" testName="TomerGroup.Tests.DomainModelTests.TripCode_ShouldFollowPeruFormat(code: &quot;PERU-2026-00482&quot;)" computerName="DESKTOP-BH5OFV8" duration="00:00:00.0002297" startTime="2026-09-16T22:42:00.6669869-05:00" endTime="2026-09-16T22:42:00.6669870-05:00" testType="13cdc9d9-ddb5-4fa4-a97d-d965ccfc6d4b" outcome="Passed" testListId="8c84fa94-04c1-424b-9868-57a2d4851a1d" relativeResultsDirectory="c5bdf35e-cdf9-4b63-bf66-11d569d38af1" />
    <UnitTestResult executionId="b6397d5d-cd66-4b14-9b7e-432d35c1183c" testId="6c49e484-b3ec-8e86-4b22-d06edf0eb3df" testName="TomerGroup.Tests.Phase7PaymentsExpensesTests.PaymentRecording_UpdatesBookingPaidAmount_AndPaymentStatusTransitions" computerName="DESKTOP-BH5OFV8" duration="00:00:00.0069738" startTime="2026-09-16T22:42:01.9874292-05:00" endTime="2026-09-16T22:42:01.9874294-05:00" testType="13cdc9d9-ddb5-4fa4-a97d-d965ccfc6d4b" outcome="Passed" testListId="8c84fa94-04c1-424b-9868-57a2d4851a1d" relativeResultsDirectory="b6397d5d-cd66-4b14-9b7e-432d35c1183c" />
    <UnitTestResult executionId="efa15881-01b7-4e6f-8f1a-efcc1d2f9ac4" testId="9cdad1c7-e160-3750-2329-7d82fbf1d880" testName="TomerGroup.Tests.Phase11OfflineSyncTests.PullDeltaPackageAsync_FullSync_ReturnsAllTripsBookingsAndEmergencyContacts" computerName="DESKTOP-BH5OFV8" duration="00:00:00.0546799" startTime="2026-09-16T22:42:01.7485568-05:00" endTime="2026-09-16T22:42:01.7485570-05:00" testType="13cdc9d9-ddb5-4fa4-a97d-d965ccfc6d4b" outcome="Passed" testListId="8c84fa94-04c1-424b-9868-57a2d4851a1d" relativeResultsDirectory="efa15881-01b7-4e6f-8f1a-efcc1d2f9ac4" />
    <UnitTestResult executionId="c56e2a12-8a84-4d47-9ac0-865943b6ee31" testId="27f51339-0aa1-5168-3edf-b3a4917d34e6" testName="TomerGroup.Tests.Phase9NotificationsWhatsAppTests.WhatsAppService_PrepareOrSendMessageAsync_LogsMessageRecordInDatabase" computerName="DESKTOP-BH5OFV8" duration="00:00:00.0973683" startTime="2026-09-16T22:42:01.5617832-05:00" endTime="2026-09-16T22:42:01.5617834-05:00" testType="13cdc9d9-ddb5-4fa4-a97d-d965ccfc6d4b" outcome="Passed" testListId="8c84fa94-04c1-424b-9868-57a2d4851a1d" relativeResultsDirectory="c56e2a12-8a84-4d47-9ac0-865943b6ee31" />
    <UnitTestResult executionId="e1a0c747-f758-4022-ba93-816b3fa1aa12" testId="6cca5ab4-9ebf-6d68-ae94-a13bd4b6f7f8" testName="TomerGroup.Tests.DomainModelTests.BookingCode_ShouldFollowTomerGroupStandard(code: &quot;TG-2026-00001&quot;)" computerName="DESKTOP-BH5OFV8" duration="00:00:00.0001204" startTime="2026-09-16T22:42:00.6670761-05:00" endTime="2026-09-16T22:42:00.6670762-05:00" testType="13cdc9d9-ddb5-4fa4-a97d-d965ccfc6d4b" outcome="Passed" testListId="8c84fa94-04c1-424b-9868-57a2d4851a1d" relativeResultsDirectory="e1a0c747-f758-4022-ba93-816b3fa1aa12" />
    <UnitTestResult executionId="9b91ba3e-339c-483d-bc21-9ca0ebb03a99" testId="4f5bfba6-30a3-11e2-5795-98e98a011d18" testName="TomerGroup.Tests.Phase4TripTests.PeruDestinations_DynamicSupportWithoutHardcoding" computerName="DESKTOP-BH5OFV8" duration="00:00:00.0548806" startTime="2026-09-16T22:42:01.7450400-05:00" endTime="2026-09-16T22:42:01.7450402-05:00" testType="13cdc9d9-ddb5-4fa4-a97d-d965ccfc6d4b" outcome="Passed" testListId="8c84fa94-04c1-424b-9868-57a2d4851a1d" relativeResultsDirectory="9b91ba3e-339c-483d-bc21-9ca0ebb03a99" />
    <UnitTestResult executionId="1e38bc97-0a6d-401c-9ac3-db5b31488e18" testId="7194514d-1bf0-dd32-99d0-b1b4d2f34a88" testName="TomerGroup.Tests.LocalizationTests.CurrencyFormatting_ShouldDisplayCorrectSymbols" computerName="DESKTOP-BH5OFV8" duration="00:00:00.0076897" startTime="2026-09-16T22:42:00.6213817-05:00" endTime="2026-09-16T22:42:00.6213819-05:00" testType="13cdc9d9-ddb5-4fa4-a97d-d965ccfc6d4b" outcome="Passed" testListId="8c84fa94-04c1-424b-9868-57a2d4851a1d" relativeResultsDirectory="1e38bc97-0a6d-401c-9ac3-db5b31488e18" />
    <UnitTestResult executionId="b2e9a7dd-7eac-4ca2-9450-ee93c1e9acaf" testId="eb1e617f-8340-4351-794f-e5975dc20b89" testName="TomerGroup.Tests.Phase3CustomerTests.CustomerCreation_PersistsAllHebrewAndTravelFields" computerName="DESKTOP-BH5OFV8" duration="00:00:00.0125965" startTime="2026-09-16T22:42:01.8314986-05:00" endTime="2026-09-16T22:42:01.8314989-05:00" testType="13cdc9d9-ddb5-4fa4-a97d-d965ccfc6d4b" outcome="Passed" testListId="8c84fa94-04c1-424b-9868-57a2d4851a1d" relativeResultsDirectory="b2e9a7dd-7eac-4ca2-9450-ee93c1e9acaf" />
    <UnitTestResult executionId="6e38cd97-bb1c-4600-a0fa-be7c9ae82150" testId="df7243d9-7eca-bf38-dabb-f9279f441286" testName="TomerGroup.Tests.DomainModelTests.TripCode_ShouldFollowPeruFormat(code: &quot;PERU-2026-00001&quot;)" computerName="DESKTOP-BH5OFV8" duration="00:00:00.0029625" startTime="2026-09-16T22:42:00.6669451-05:00" endTime="2026-09-16T22:42:00.6669452-05:00" testType="13cdc9d9-ddb5-4fa4-a97d-d965ccfc6d4b" outcome="Passed" testListId="8c84fa94-04c1-424b-9868-57a2d4851a1d" relativeResultsDirectory="6e38cd97-bb1c-4600-a0fa-be7c9ae82150" />
    <UnitTestResult executionId="d9c4a4b5-d0a7-4ec5-aa2f-a27b12d1529f" testId="57e585f3-674b-3fab-03b4-22d26add3c5d" testName="TomerGroup.Tests.BrandSettingsTests.DefaultBrandSettings_ShouldHaveTomerGroupIdentity" computerName="DESKTOP-BH5OFV8" duration="00:00:00.0007580" startTime="2026-09-16T22:42:00.6687761-05:00" endTime="2026-09-16T22:42:00.6687762-05:00" testType="13cdc9d9-ddb5-4fa4-a97d-d965ccfc6d4b" outcome="Passed" testListId="8c84fa94-04c1-424b-9868-57a2d4851a1d" relativeResultsDirectory="d9c4a4b5-d0a7-4ec5-aa2f-a27b12d1529f" />
    <UnitTestResult executionId="ca5b997a-b48f-48bc-91f5-14b90dfe73bd" testId="4478b66e-563d-e2f9-aec7-c53626d46a73" testName="TomerGroup.Tests.Phase10AIAssistantTests.GenerateItineraryDraftAsync_GeneratesValidAcclimatizationProgression" computerName="DESKTOP-BH5OFV8" duration="00:00:00.0200729" startTime="2026-09-16T22:42:01.8731502-05:00" endTime="2026-09-16T22:42:01.8731503-05:00" testType="13cdc9d9-ddb5-4fa4-a97d-d965ccfc6d4b" outcome="Passed" testListId="8c84fa94-04c1-424b-9868-57a2d4851a1d" relativeResultsDirectory="ca5b997a-b48f-48bc-91f5-14b90dfe73bd" />
    <UnitTestResult executionId="58442438-f4a2-4bc9-99d9-eb18a0a4869c" testId="afdec640-c428-908a-cccb-93871eb58b5b" testName="TomerGroup.Tests.Phase2AuthenticationTests.PhoneAuth_FullFlow_SendCodeAndVerify" computerName="DESKTOP-BH5OFV8" duration="00:00:00.1185050" startTime="2026-09-16T22:42:02.7271159-05:00" endTime="2026-09-16T22:42:02.7271161-05:00" testType="13cdc9d9-ddb5-4fa4-a97d-d965ccfc6d4b" outcome="Passed" testListId="8c84fa94-04c1-424b-9868-57a2d4851a1d" relativeResultsDirectory="58442438-f4a2-4bc9-99d9-eb18a0a4869c" />
    <UnitTestResult executionId="3027e67b-fedf-48f3-bfce-f93e8789b7b0" testId="8f2f7c1b-55e5-e788-3f3f-d28e4468a8e5" testName="TomerGroup.Tests.CustomerIsolationTests.CustomerA_CannotAccess_CustomerB_Data" computerName="DESKTOP-BH5OFV8" duration="00:00:00.1732325" startTime="2026-09-16T22:42:01.7299265-05:00" endTime="2026-09-16T22:42:01.7299267-05:00" testType="13cdc9d9-ddb5-4fa4-a97d-d965ccfc6d4b" outcome="Passed" testListId="8c84fa94-04c1-424b-9868-57a2d4851a1d" relativeResultsDirectory="3027e67b-fedf-48f3-bfce-f93e8789b7b0" />
    <UnitTestResult executionId="c7548a7b-b869-4a7b-95cd-bcc9671b652c" testId="b8d7acc3-aa26-ad2c-c965-a928fdfe07dd" testName="TomerGroup.Tests.Phase3CustomerTests.SensitiveDataEndpoint_AuthorizedReveal_UnmasksPassportAndLogsAudit" computerName="DESKTOP-BH5OFV8" duration="00:00:00.0262251" startTime="2026-09-16T22:42:01.5687039-05:00" endTime="2026-09-16T22:42:01.5687042-05:00" testType="13cdc9d9-ddb5-4fa4-a97d-d965ccfc6d4b" outcome="Passed" testListId="8c84fa94-04c1-424b-9868-57a2d4851a1d" relativeResultsDirectory="c7548a7b-b869-4a7b-95cd-bcc9671b652c" />
    <UnitTestResult executionId="4b74b41b-271d-45ff-bda0-606e0fcedb6f" testId="54c956de-eb7e-5026-03d0-5a5116b6ff8c" testName="TomerGroup.Tests.Phase3CustomerTests.AgencySearchAndFilter_SupportsHebrewAndDietaryFilters" computerName="DESKTOP-BH5OFV8" duration="00:00:00.1511162" startTime="2026-09-16T22:42:01.8130334-05:00" endTime="2026-09-16T22:42:01.8130336-05:00" testType="13cdc9d9-ddb5-4fa4-a97d-d965ccfc6d4b" outcome="Passed" testListId="8c84fa94-04c1-424b-9868-57a2d4851a1d" relativeResultsDirectory="4b74b41b-271d-45ff-bda0-606e0fcedb6f" />
    <UnitTestResult executionId="ceca9ec0-94ea-4ff8-aa04-812b4920c9bc" testId="84333772-79eb-d422-3965-63cf8206b01a" testName="TomerGroup.Tests.Phase7PaymentsExpensesTests.CustomerIsolation_CustomerACannotViewCustomerBPaymentReceipts" computerName="DESKTOP-BH5OFV8" duration="00:00:00.1176208" startTime="2026-09-16T22:42:01.9438309-05:00" endTime="2026-09-16T22:42:01.9438311-05:00" testType="13cdc9d9-ddb5-4fa4-a97d-d965ccfc6d4b" outcome="Passed" testListId="8c84fa94-04c1-424b-9868-57a2d4851a1d" relativeResultsDirectory="ceca9ec0-94ea-4ff8-aa04-812b4920c9bc" />
    <UnitTestResult executionId="cdfef64e-04ca-45d0-8e45-1125300cadd8" testId="17a177c8-4e61-0b3c-e964-34dcf76e9b77" testName="TomerGroup.Tests.Phase9NotificationsWhatsAppTests.NotificationService_MarkAsRead_UpdatesIsReadAndReadAt" computerName="DESKTOP-BH5OFV8" duration="00:00:00.0022570" startTime="2026-09-16T22:42:01.6111984-05:00" endTime="2026-09-16T22:42:01.6111986-05:00" testType="13cdc9d9-ddb5-4fa4-a97d-d965ccfc6d4b" outcome="Passed" testListId="8c84fa94-04c1-424b-9868-57a2d4851a1d" relativeResultsDirectory="cdfef64e-04ca-45d0-8e45-1125300cadd8" />
    <UnitTestResult executionId="d085c0d1-72c9-4c5b-a50d-545fda7b64fb" testId="de24823b-3532-7908-ea51-2675bea677af" testName="TomerGroup.Tests.Phase6GuidesDriversTests.GuideAssignment_ScheduleConflict_PreventsDoubleBooking" computerName="DESKTOP-BH5OFV8" duration="00:00:00.1179773" startTime="2026-09-16T22:42:02.0229152-05:00" endTime="2026-09-16T22:42:02.0229153-05:00" testType="13cdc9d9-ddb5-4fa4-a97d-d965ccfc6d4b" outcome="Passed" testListId="8c84fa94-04c1-424b-9868-57a2d4851a1d" relativeResultsDirectory="d085c0d1-72c9-4c5b-a50d-545fda7b64fb" />
    <UnitTestResult executionId="aa79332f-44e3-44d0-8e95-584e4cd65d28" testId="26fdf9ec-6fc4-853e-438d-0a6fe7bbf80d" testName="TomerGroup.Tests.Phase9NotificationsWhatsAppTests.NotificationService_MarkAllAsRead_MarksAllUserNotificationsAsRead" computerName="DESKTOP-BH5OFV8" duration="00:00:00.0113334" startTime="2026-09-16T22:42:01.6077687-05:00" endTime="2026-09-16T22:42:01.6077689-05:00" testType="13cdc9d9-ddb5-4fa4-a97d-d965ccfc6d4b" outcome="Passed" testListId="8c84fa94-04c1-424b-9868-57a2d4851a1d" relativeResultsDirectory="aa79332f-44e3-44d0-8e95-584e4cd65d28" />
    <UnitTestResult executionId="1a9830a7-6dec-4efc-89e5-5d47673df678" testId="080efe55-a08a-9618-497b-5c3f3881762a" testName="TomerGroup.Tests.Phase9NotificationsWhatsAppTests.NotificationService_CreateAndGetUnreadNotifications_ReturnsCorrectListAndCount" computerName="DESKTOP-BH5OFV8" duration="00:00:00.0348317" startTime="2026-09-16T22:42:01.5963579-05:00" endTime="2026-09-16T22:42:01.5963581-05:00" testType="13cdc9d9-ddb5-4fa4-a97d-d965ccfc6d4b" outcome="Passed" testListId="8c84fa94-04c1-424b-9868-57a2d4851a1d" relativeResultsDirectory="1a9830a7-6dec-4efc-89e5-5d47673df678" />
    <UnitTestResult executionId="a149c5d5-a381-4ad1-961e-509b8f447133" testId="492e51e2-5550-ceee-244c-614e69946778" testName="TomerGroup.Tests.Phase15ProductionHardeningTests.ConfigurationValidator_ValidSettings_PassesWithZeroErrors" computerName="DESKTOP-BH5OFV8" duration="00:00:00.0001454" startTime="2026-09-16T22:42:01.5571682-05:00" endTime="2026-09-16T22:42:01.5571683-05:00" testType="13cdc9d9-ddb5-4fa4-a97d-d965ccfc6d4b" outcome="Passed" testListId="8c84fa94-04c1-424b-9868-57a2d4851a1d" relativeResultsDirectory="a149c5d5-a381-4ad1-961e-509b8f447133" />
    <UnitTestResult executionId="ddd9d26c-b5a6-4a9f-aef5-d57af9eec20b" testId="810f8e33-da4a-5ffc-67a7-98e3df7391c8" testName="TomerGroup.Tests.Phase9NotificationsWhatsAppTests.WhatsAppService_BuildTemplatedMessage_ReplacesPlaceholders" computerName="DESKTOP-BH5OFV8" duration="00:00:00.0006050" startTime="2026-09-16T22:42:01.6112682-05:00" endTime="2026-09-16T22:42:01.6112683-05:00" testType="13cdc9d9-ddb5-4fa4-a97d-d965ccfc6d4b" outcome="Passed" testListId="8c84fa94-04c1-424b-9868-57a2d4851a1d" relativeResultsDirectory="ddd9d26c-b5a6-4a9f-aef5-d57af9eec20b" />
    <UnitTestResult executionId="0a4ee812-3e6d-4523-9512-cb2082ba925b" testId="ebca4b1b-fc48-64b2-7120-60722ad5f1e1" testName="TomerGroup.Tests.Phase4TripTests.TripCreation_GeneratesCanonicalPeruTripCode" computerName="DESKTOP-BH5OFV8" duration="00:00:00.0029091" startTime="2026-09-16T22:42:02.0091368-05:00" endTime="2026-09-16T22:42:02.0091370-05:00" testType="13cdc9d9-ddb5-4fa4-a97d-d965ccfc6d4b" outcome="Passed" testListId="8c84fa94-04c1-424b-9868-57a2d4851a1d" relativeResultsDirectory="0a4ee812-3e6d-4523-9512-cb2082ba925b" />
    <UnitTestResult executionId="223438d9-6549-4276-a9dc-c866f4c5f3d8" testId="9f51ec72-0ccc-8a03-d8e3-dbe77c6a4ceb" testName="TomerGroup.Tests.AdminBackendTests.AdminDashboard_PopulatedDatabase_AggregatesRealMetricsAccurately" computerName="DESKTOP-BH5OFV8" duration="00:00:00.0511950" startTime="2026-09-16T22:42:01.8889409-05:00" endTime="2026-09-16T22:42:01.8889410-05:00" testType="13cdc9d9-ddb5-4fa4-a97d-d965ccfc6d4b" outcome="Passed" testListId="8c84fa94-04c1-424b-9868-57a2d4851a1d" relativeResultsDirectory="223438d9-6549-4276-a9dc-c866f4c5f3d8" />
    <UnitTestResult executionId="4087353b-5c14-4b29-9cf1-ff71ae056424" testId="ab362138-ded5-8f48-51b7-57f19a750ca4" testName="TomerGroup.Tests.Phase7PaymentsExpensesTests.TripProfitability_CalculatesGrossProfit_AndMarginPercentageAccurately" computerName="DESKTOP-BH5OFV8" duration="00:00:00.0946639" startTime="2026-09-16T22:42:01.8261463-05:00" endTime="2026-09-16T22:42:01.8261465-05:00" testType="13cdc9d9-ddb5-4fa4-a97d-d965ccfc6d4b" outcome="Passed" testListId="8c84fa94-04c1-424b-9868-57a2d4851a1d" relativeResultsDirectory="4087353b-5c14-4b29-9cf1-ff71ae056424" />
    <UnitTestResult executionId="9a7324cf-c804-4e21-aeb9-559879cc41ad" testId="8f119c4c-54ed-a637-a4ae-f0fd041d48d1" testName="TomerGroup.Tests.DomainModelTests.Booking_ShouldCalculateOutstandingAmountCorrectly" computerName="DESKTOP-BH5OFV8" duration="00:00:00.0008507" startTime="2026-09-16T22:42:00.6687017-05:00" endTime="2026-09-16T22:42:00.6687019-05:00" testType="13cdc9d9-ddb5-4fa4-a97d-d965ccfc6d4b" outcome="Passed" testListId="8c84fa94-04c1-424b-9868-57a2d4851a1d" relativeResultsDirectory="9a7324cf-c804-4e21-aeb9-559879cc41ad" />
    <UnitTestResult executionId="46b32be2-addd-4eee-acdb-e8841118ec19" testId="e96d431c-295a-d7f5-fc0f-c21dd74f9db5" testName="TomerGroup.Tests.Phase3CustomerTests.TravelerStats_CalculatesAccurateMetrics" computerName="DESKTOP-BH5OFV8" duration="00:00:00.0194998" startTime="2026-09-16T22:42:01.8510952-05:00" endTime="2026-09-16T22:42:01.8510954-05:00" testType="13cdc9d9-ddb5-4fa4-a97d-d965ccfc6d4b" outcome="Passed" testListId="8c84fa94-04c1-424b-9868-57a2d4851a1d" relativeResultsDirectory="46b32be2-addd-4eee-acdb-e8841118ec19" />
    <UnitTestResult executionId="d5740945-fa37-4a7a-9e23-8701be166f1e" testId="6d9539e0-f020-9e2e-4fdd-1280fae503b3" testName="TomerGroup.Tests.Phase11OfflineSyncTests.PushClientChangesAsync_UpdatesEmergencyDetails_AndLogsAudit" computerName="DESKTOP-BH5OFV8" duration="00:00:00.0247116" startTime="2026-09-16T22:42:01.6193306-05:00" endTime="2026-09-16T22:42:01.6193307-05:00" testType="13cdc9d9-ddb5-4fa4-a97d-d965ccfc6d4b" outcome="Passed" testListId="8c84fa94-04c1-424b-9868-57a2d4851a1d" relativeResultsDirectory="d5740945-fa37-4a7a-9e23-8701be166f1e" />
    <UnitTestResult executionId="10d89f72-8cb0-4841-b2f7-158b8bd59f26" testId="5737ef52-0a8f-7882-3b85-210066f3b0d9" testName="TomerGroup.Tests.Phase7PaymentsExpensesTests.PaymentValidation_RejectsZeroOrNegativeAmounts" computerName="DESKTOP-BH5OFV8" duration="00:00:00.0019927" startTime="2026-09-16T22:42:01.9894767-05:00" endTime="2026-09-16T22:42:01.9894768-05:00" testType="13cdc9d9-ddb5-4fa4-a97d-d965ccfc6d4b" outcome="Passed" testListId="8c84fa94-04c1-424b-9868-57a2d4851a1d" relativeResultsDirectory="10d89f72-8cb0-4841-b2f7-158b8bd59f26" />
    <UnitTestResult executionId="337b674a-449a-4765-a535-00021b1feaa6" testId="d8a260ff-10c2-439b-4b7c-4e9dcb28e72d" testName="TomerGroup.Tests.Phase7PaymentsExpensesTests.ExpenseRecording_AtomicallyUpdatesTripTotalCost_AndLogsAudit" computerName="DESKTOP-BH5OFV8" duration="00:00:00.0169700" startTime="2026-09-16T22:42:01.9803781-05:00" endTime="2026-09-16T22:42:01.9803783-05:00" testType="13cdc9d9-ddb5-4fa4-a97d-d965ccfc6d4b" outcome="Passed" testListId="8c84fa94-04c1-424b-9868-57a2d4851a1d" relativeResultsDirectory="337b674a-449a-4765-a535-00021b1feaa6" />
    <UnitTestResult executionId="139f19cf-490f-4cd2-ba93-93acec9ec575" testId="7801a881-9e9a-6e12-bc21-9761a4e71a68" testName="TomerGroup.Tests.Phase5ToursHotelsTransportationTests.HotelManagement_VerifiesOxygenAndShabbatFriendliness" computerName="DESKTOP-BH5OFV8" duration="00:00:00.0058861" startTime="2026-09-16T22:42:02.1547479-05:00" endTime="2026-09-16T22:42:02.1547481-05:00" testType="13cdc9d9-ddb5-4fa4-a97d-d965ccfc6d4b" outcome="Passed" testListId="8c84fa94-04c1-424b-9868-57a2d4851a1d" relativeResultsDirectory="139f19cf-490f-4cd2-ba93-93acec9ec575" />
    <UnitTestResult executionId="f83abae9-395e-40ee-a8af-fd462ba77c87" testId="7726f6e9-4cb5-e0fb-2463-445c5f5bcd8f" testName="TomerGroup.Tests.Phase3CustomerTests.SafeDeletion_CleanCustomer_SoftDeletesSuccessfully" computerName="DESKTOP-BH5OFV8" duration="00:00:00.0577189" startTime="2026-09-16T22:42:01.6264968-05:00" endTime="2026-09-16T22:42:01.6264969-05:00" testType="13cdc9d9-ddb5-4fa4-a97d-d965ccfc6d4b" outcome="Passed" testListId="8c84fa94-04c1-424b-9868-57a2d4851a1d" relativeResultsDirectory="f83abae9-395e-40ee-a8af-fd462ba77c87" />
    <UnitTestResult executionId="fa0756b5-db3e-41fd-a36a-d970f99968a2" testId="4855b239-f8db-2c4e-0f50-ef1deee5b56a" testName="TomerGroup.Tests.Phase16MobileNavigationTests.MoreViewModel_Operations_ExecuteSuccessfully" computerName="DESKTOP-BH5OFV8" duration="00:00:00.0173699" startTime="2026-09-16T22:42:00.7263953-05:00" endTime="2026-09-16T22:42:00.7263957-05:00" testType="13cdc9d9-ddb5-4fa4-a97d-d965ccfc6d4b" outcome="Passed" testListId="8c84fa94-04c1-424b-9868-57a2d4851a1d" relativeResultsDirectory="fa0756b5-db3e-41fd-a36a-d970f99968a2" />
    <UnitTestResult executionId="4e2a70a7-9993-4cf0-a660-347706f64e09" testId="02882260-8972-7d67-a43a-15e6457237a3" testName="TomerGroup.Tests.BrandSettingsTests.BrandSettings_CanBeCustomizedByAgency" computerName="DESKTOP-BH5OFV8" duration="00:00:00.0001508" startTime="2026-09-16T22:42:00.6688261-05:00" endTime="2026-09-16T22:42:00.6688262-05:00" testType="13cdc9d9-ddb5-4fa4-a97d-d965ccfc6d4b" outcome="Passed" testListId="8c84fa94-04c1-424b-9868-57a2d4851a1d" relativeResultsDirectory="4e2a70a7-9993-4cf0-a660-347706f64e09" />
    <UnitTestResult executionId="5bba65ff-0b18-4303-89af-d6e275892aab" testId="98322368-4549-10a7-d907-1fd6007c2492" testName="TomerGroup.Tests.Phase4TripTests.CustomerHomeDashboard_ReturnsTodayActivitiesAndEmergencyInfo" computerName="DESKTOP-BH5OFV8" duration="00:00:00.1052903" startTime="2026-09-16T22:42:01.8503964-05:00" endTime="2026-09-16T22:42:01.8503967-05:00" testType="13cdc9d9-ddb5-4fa4-a97d-d965ccfc6d4b" outcome="Passed" testListId="8c84fa94-04c1-424b-9868-57a2d4851a1d" relativeResultsDirectory="5bba65ff-0b18-4303-89af-d6e275892aab" />
    <UnitTestResult executionId="2f6fbf08-31c8-44d2-b87a-be68d064c7c1" testId="1924b63b-d84e-dd00-9473-4c3cb70f16b5" testName="TomerGroup.Tests.Phase15ProductionHardeningTests.HealthController_GetHealth_ReturnsFullSubsystemsAndHealthyStatus" computerName="DESKTOP-BH5OFV8" duration="00:00:00.8017300" startTime="2026-09-16T22:42:01.5431458-05:00" endTime="2026-09-16T22:42:01.5431460-05:00" testType="13cdc9d9-ddb5-4fa4-a97d-d965ccfc6d4b" outcome="Passed" testListId="8c84fa94-04c1-424b-9868-57a2d4851a1d" relativeResultsDirectory="2f6fbf08-31c8-44d2-b87a-be68d064c7c1" />
    <UnitTestResult executionId="8cd533c5-ab71-421a-a940-86f6b136d659" testId="d604fd10-b192-040f-3833-44b2e6f8cf97" testName="TomerGroup.Tests.Phase11OfflineSyncTests.PullDeltaPackageAsync_CustomerIsolation_CannotSyncOthersData" computerName="DESKTOP-BH5OFV8" duration="00:00:00.0018834" startTime="2026-09-16T22:42:01.7505246-05:00" endTime="2026-09-16T22:42:01.7505247-05:00" testType="13cdc9d9-ddb5-4fa4-a97d-d965ccfc6d4b" outcome="Passed" testListId="8c84fa94-04c1-424b-9868-57a2d4851a1d" relativeResultsDirectory="8cd533c5-ab71-421a-a940-86f6b136d659" />
    <UnitTestResult executionId="dc56a876-0c38-4840-b59a-692e679fbfef" testId="69a07301-a1b4-2066-eab4-8b290f17bb9f" testName="TomerGroup.Tests.Phase6GuidesDriversTests.DriverAssignment_ScheduleBufferConflict_EnforcesTransitBuffer" computerName="DESKTOP-BH5OFV8" duration="00:00:00.0252152" startTime="2026-09-16T22:42:02.2205171-05:00" endTime="2026-09-16T22:42:02.2205172-05:00" testType="13cdc9d9-ddb5-4fa4-a97d-d965ccfc6d4b" outcome="Passed" testListId="8c84fa94-04c1-424b-9868-57a2d4851a1d" relativeResultsDirectory="dc56a876-0c38-4840-b59a-692e679fbfef" />
    <UnitTestResult executionId="ce947091-e6aa-4c15-b0c6-fc2eaac1800d" testId="314ef39e-5a1a-40c2-fb85-80d2a5d39742" testName="TomerGroup.Tests.Phase3CustomerTests.SensitiveDataEndpoint_UnauthorizedUser_Rejected" computerName="DESKTOP-BH5OFV8" duration="00:00:00.0015779" startTime="2026-09-16T22:42:01.8527350-05:00" endTime="2026-09-16T22:42:01.8527352-05:00" testType="13cdc9d9-ddb5-4fa4-a97d-d965ccfc6d4b" outcome="Passed" testListId="8c84fa94-04c1-424b-9868-57a2d4851a1d" relativeResultsDirectory="ce947091-e6aa-4c15-b0c6-fc2eaac1800d" />
    <UnitTestResult executionId="1485e86a-3619-4cad-9ebe-f767f626e107" testId="4ea9eaa0-cbbc-c7c1-214e-38794e21abde" testName="TomerGroup.Tests.Phase9NotificationsWhatsAppTests.NotificationService_CustomerIsolation_CannotMarkOthersNotification" computerName="DESKTOP-BH5OFV8" duration="00:00:00.8543396" startTime="2026-09-16T22:42:01.4634039-05:00" endTime="2026-09-16T22:42:01.4634042-05:00" testType="13cdc9d9-ddb5-4fa4-a97d-d965ccfc6d4b" outcome="Passed" testListId="8c84fa94-04c1-424b-9868-57a2d4851a1d" relativeResultsDirectory="1485e86a-3619-4cad-9ebe-f767f626e107" />
    <UnitTestResult executionId="dc3553bf-c532-4157-b45f-61e37da19907" testId="ef6f8a5d-9415-f134-2e76-6983fdeea14e" testName="TomerGroup.Tests.Phase6GuidesDriversTests.DriverDailyManifest_AggregatesPickupSchedule_AndFlightNumbers" computerName="DESKTOP-BH5OFV8" duration="00:00:00.0886183" startTime="2026-09-16T22:42:02.1159036-05:00" endTime="2026-09-16T22:42:02.1159040-05:00" testType="13cdc9d9-ddb5-4fa4-a97d-d965ccfc6d4b" outcome="Passed" testListId="8c84fa94-04c1-424b-9868-57a2d4851a1d" relativeResultsDirectory="dc3553bf-c532-4157-b45f-61e37da19907" />
    <UnitTestResult executionId="d1da6135-1a45-4c46-a560-e244e807bcd6" testId="f747072b-2976-4a2c-0ae4-10b4bbb48769" testName="TomerGroup.Tests.Phase4TripTests.ActivityStatus_TransitionsThroughLifecycle_AndLogsAudit" computerName="DESKTOP-BH5OFV8" duration="00:00:00.0924038" startTime="2026-09-16T22:42:01.9429145-05:00" endTime="2026-09-16T22:42:01.9429146-05:00" testType="13cdc9d9-ddb5-4fa4-a97d-d965ccfc6d4b" outcome="Passed" testListId="8c84fa94-04c1-424b-9868-57a2d4851a1d" relativeResultsDirectory="d1da6135-1a45-4c46-a560-e244e807bcd6" />
    <UnitTestResult executionId="233b96e2-863f-421b-a0e1-96c6f57c47f5" testId="e2f5819b-2774-7b4b-67c8-27079a874bb0" testName="TomerGroup.Tests.Phase2AuthenticationTests.BruteForceLockout_After5FailedAttempts_LocksAccount" computerName="DESKTOP-BH5OFV8" duration="00:00:00.4753554" startTime="2026-09-16T22:42:02.5132091-05:00" endTime="2026-09-16T22:42:02.5132092-05:00" testType="13cdc9d9-ddb5-4fa4-a97d-d965ccfc6d4b" outcome="Passed" testListId="8c84fa94-04c1-424b-9868-57a2d4851a1d" relativeResultsDirectory="233b96e2-863f-421b-a0e1-96c6f57c47f5" />
    <UnitTestResult executionId="5db14b90-563b-4147-a1ec-149fa0f2f101" testId="533d51b5-cb5b-7679-6644-756fb1a16cd7" testName="TomerGroup.Tests.Phase10AIAssistantTests.GenerateItineraryDraftAsync_KosherAndShabbatObservant_IncludesChabadAndShabbatProvisions" computerName="DESKTOP-BH5OFV8" duration="00:00:00.0017866" startTime="2026-09-16T22:42:01.8937973-05:00" endTime="2026-09-16T22:42:01.8937975-05:00" testType="13cdc9d9-ddb5-4fa4-a97d-d965ccfc6d4b" outcome="Passed" testListId="8c84fa94-04c1-424b-9868-57a2d4851a1d" relativeResultsDirectory="5db14b90-563b-4147-a1ec-149fa0f2f101" />
    <UnitTestResult executionId="b4d38441-3eed-477d-838d-583afd8ad40e" testId="6751a1a6-b352-7d04-d8cc-243b9fbf594e" testName="TomerGroup.Tests.Phase13SecurityTests.SecurityAudit_LogsEvent_AndRetrievesWithFilters" computerName="DESKTOP-BH5OFV8" duration="00:00:00.0346866" startTime="2026-09-16T22:42:01.7541534-05:00" endTime="2026-09-16T22:42:01.7541536-05:00" testType="13cdc9d9-ddb5-4fa4-a97d-d965ccfc6d4b" outcome="Passed" testListId="8c84fa94-04c1-424b-9868-57a2d4851a1d" relativeResultsDirectory="b4d38441-3eed-477d-838d-583afd8ad40e" />
    <UnitTestResult executionId="08fd6ced-da1a-4ab0-9095-e95630286236" testId="fb54658c-9340-6362-2bee-e9b79aa8f97b" testName="TomerGroup.Tests.Phase11OfflineSyncTests.PullDeltaPackageAsync_DeltaSync_OnlyReturnsModifiedEntities" computerName="DESKTOP-BH5OFV8" duration="00:00:00.9854976" startTime="2026-09-16T22:42:01.5945417-05:00" endTime="2026-09-16T22:42:01.5945419-05:00" testType="13cdc9d9-ddb5-4fa4-a97d-d965ccfc6d4b" outcome="Passed" testListId="8c84fa94-04c1-424b-9868-57a2d4851a1d" relativeResultsDirectory="08fd6ced-da1a-4ab0-9095-e95630286236" />
    <UnitTestResult executionId="529343c2-107d-4c1f-9812-1fadd820be08" testId="6e47d5cd-931d-c0e9-1815-ad8b5f225b9d" testName="TomerGroup.Tests.Phase12ReportsTests.ExportReportAsync_Csv_GeneratesValidCsvWithBOMAndHeaders" computerName="DESKTOP-BH5OFV8" duration="00:00:00.0504943" startTime="2026-09-16T22:42:01.6289069-05:00" endTime="2026-09-16T22:42:01.6289070-05:00" testType="13cdc9d9-ddb5-4fa4-a97d-d965ccfc6d4b" outcome="Passed" testListId="8c84fa94-04c1-424b-9868-57a2d4851a1d" relativeResultsDirectory="529343c2-107d-4c1f-9812-1fadd820be08" />
    <UnitTestResult executionId="d3488838-5467-4291-a3db-3f7052fd5b74" testId="fe239e44-4a2b-c2a1-c9e2-d6f41ae3e456" testName="TomerGroup.Tests.AdminBackendTests.AdminDashboard_EmptyDatabase_ReturnsZeroMetricsWithoutError" computerName="DESKTOP-BH5OFV8" duration="00:00:00.9218201" startTime="2026-09-16T22:42:01.5311398-05:00" endTime="2026-09-16T22:42:01.5311403-05:00" testType="13cdc9d9-ddb5-4fa4-a97d-d965ccfc6d4b" outcome="Passed" testListId="8c84fa94-04c1-424b-9868-57a2d4851a1d" relativeResultsDirectory="d3488838-5467-4291-a3db-3f7052fd5b74" />
    <UnitTestResult executionId="195bb331-a79a-42a6-b51e-8c2b0281a094" testId="4e6221d0-6f99-1346-c690-2d98d62cfa6d" testName="TomerGroup.Tests.Phase4TripTests.TripBuilder_AddsDaysAndActivities_MaintainsChronologicalTimeline" computerName="DESKTOP-BH5OFV8" duration="00:00:00.0618609" startTime="2026-09-16T22:42:02.0048149-05:00" endTime="2026-09-16T22:42:02.0048151-05:00" testType="13cdc9d9-ddb5-4fa4-a97d-d965ccfc6d4b" outcome="Passed" testListId="8c84fa94-04c1-424b-9868-57a2d4851a1d" relativeResultsDirectory="195bb331-a79a-42a6-b51e-8c2b0281a094" />
    <UnitTestResult executionId="f82aa38c-9d52-470d-8255-198eedab0681" testId="9b219bb1-ee2d-3f43-29c9-d69b629ca58d" testName="TomerGroup.Tests.Phase2AuthenticationTests.PhoneAuth_RejectsInvalidCode_AndTracksAttempts" computerName="DESKTOP-BH5OFV8" duration="00:00:00.2884683" startTime="2026-09-16T22:42:03.0157127-05:00" endTime="2026-09-16T22:42:03.0157129-05:00" testType="13cdc9d9-ddb5-4fa4-a97d-d965ccfc6d4b" outcome="Passed" testListId="8c84fa94-04c1-424b-9868-57a2d4851a1d" relativeResultsDirectory="f82aa38c-9d52-470d-8255-198eedab0681" />
    <UnitTestResult executionId="c5a1d611-41e9-4891-b64d-2f5051e68710" testId="a006b16d-22a5-fb14-963e-0ea98e240e1d" testName="TomerGroup.Tests.Phase5ToursHotelsTransportationTests.TrainAndFlightBooking_StoresOperatorAndSeatServiceDetails" computerName="DESKTOP-BH5OFV8" duration="00:00:00.0614580" startTime="2026-09-16T22:42:02.1487125-05:00" endTime="2026-09-16T22:42:02.1487130-05:00" testType="13cdc9d9-ddb5-4fa4-a97d-d965ccfc6d4b" outcome="Passed" testListId="8c84fa94-04c1-424b-9868-57a2d4851a1d" relativeResultsDirectory="c5a1d611-41e9-4891-b64d-2f5051e68710" />
    <UnitTestResult executionId="9f7895c8-0f6b-4def-82a9-02bdef84b860" testId="48e0afea-7b5b-14c7-4aa4-2c10e667fcc9" testName="TomerGroup.Tests.Phase12ReportsTests.GetExecutiveAnalyticsAsync_AggregatesDestinationVolumes" computerName="DESKTOP-BH5OFV8" duration="00:00:00.9096419" startTime="2026-09-16T22:42:01.5783712-05:00" endTime="2026-09-16T22:42:01.5783713-05:00" testType="13cdc9d9-ddb5-4fa4-a97d-d965ccfc6d4b" outcome="Passed" testListId="8c84fa94-04c1-424b-9868-57a2d4851a1d" relativeResultsDirectory="9f7895c8-0f6b-4def-82a9-02bdef84b860" />
    <UnitTestResult executionId="300aa09d-595f-4be9-9e0a-1987384fe936" testId="ba54314a-c723-6e2c-2797-c6ae42d12d34" testName="TomerGroup.Tests.Phase10AIAssistantTests.DraftWhatsAppMessageAsync_ShabbatMeals_GeneratesChabadMealConfirmation" computerName="DESKTOP-BH5OFV8" duration="00:00:00.0013656" startTime="2026-09-16T22:42:01.8919553-05:00" endTime="2026-09-16T22:42:01.8919555-05:00" testType="13cdc9d9-ddb5-4fa4-a97d-d965ccfc6d4b" outcome="Passed" testListId="8c84fa94-04c1-424b-9868-57a2d4851a1d" relativeResultsDirectory="300aa09d-595f-4be9-9e0a-1987384fe936" />
    <UnitTestResult executionId="3b9cbd84-379b-4e7e-bea5-ba941e3bd5f4" testId="31cd8c54-bea5-d0ed-bf58-36b495b88bd6" testName="TomerGroup.Tests.Phase6GuidesDriversTests.GuideAssignment_NonOverlapping_SucceedsAndLogsAudit" computerName="DESKTOP-BH5OFV8" duration="00:00:00.0128893" startTime="2026-09-16T22:42:02.1288994-05:00" endTime="2026-09-16T22:42:02.1288995-05:00" testType="13cdc9d9-ddb5-4fa4-a97d-d965ccfc6d4b" outcome="Passed" testListId="8c84fa94-04c1-424b-9868-57a2d4851a1d" relativeResultsDirectory="3b9cbd84-379b-4e7e-bea5-ba941e3bd5f4" />
    <UnitTestResult executionId="519d41a9-febc-4b00-af60-90ba4bd3d74a" testId="982bc7ec-9a33-d202-0094-5449243b7adb" testName="TomerGroup.Tests.Phase4TripTests.CustomerIsolation_CustomerACannotAccessCustomerBDashboard" computerName="DESKTOP-BH5OFV8" duration="00:00:00.0012887" startTime="2026-09-16T22:42:02.0061687-05:00" endTime="2026-09-16T22:42:02.0061688-05:00" testType="13cdc9d9-ddb5-4fa4-a97d-d965ccfc6d4b" outcome="Passed" testListId="8c84fa94-04c1-424b-9868-57a2d4851a1d" relativeResultsDirectory="519d41a9-febc-4b00-af60-90ba4bd3d74a" />
    <UnitTestResult executionId="ce9f4481-8ec8-4799-93f4-aef84c41e083" testId="bb5224b7-ae45-88df-3615-fede27215b66" testName="TomerGroup.Tests.AuthenticationTests.PasswordHasher_ShouldCorrectlyHashAndVerify" computerName="DESKTOP-BH5OFV8" duration="00:00:00.3264310" startTime="2026-09-16T22:42:02.0884780-05:00" endTime="2026-09-16T22:42:02.0884782-05:00" testType="13cdc9d9-ddb5-4fa4-a97d-d965ccfc6d4b" outcome="Passed" testListId="8c84fa94-04c1-424b-9868-57a2d4851a1d" relativeResultsDirectory="ce9f4481-8ec8-4799-93f4-aef84c41e083" />
    <UnitTestResult executionId="21c6bcd5-65e3-4e32-a3d4-c87619593681" testId="4b42a69e-bc26-81a0-320d-7ea41073f9a4" testName="TomerGroup.Tests.Phase4TripTests.CustomerIsolation_CustomerACannotAccessCustomerBTrip" computerName="DESKTOP-BH5OFV8" duration="00:00:00.0785735" startTime="2026-09-16T22:42:01.6900698-05:00" endTime="2026-09-16T22:42:01.6900700-05:00" testType="13cdc9d9-ddb5-4fa4-a97d-d965ccfc6d4b" outcome="Passed" testListId="8c84fa94-04c1-424b-9868-57a2d4851a1d" relativeResultsDirectory="21c6bcd5-65e3-4e32-a3d4-c87619593681" />
    <UnitTestResult executionId="4b45532c-6e24-47c3-b9d0-ea6d06d511e0" testId="3a6d454c-5473-d506-b872-f7799b0100b2" testName="TomerGroup.Tests.Phase6GuidesDriversTests.GuideDailyManifest_AggregatesTravelerDetails_AndSpecialNeeds" computerName="DESKTOP-BH5OFV8" duration="00:00:00.0625796" startTime="2026-09-16T22:42:02.1915394-05:00" endTime="2026-09-16T22:42:02.1915396-05:00" testType="13cdc9d9-ddb5-4fa4-a97d-d965ccfc6d4b" outcome="Passed" testListId="8c84fa94-04c1-424b-9868-57a2d4851a1d" relativeResultsDirectory="4b45532c-6e24-47c3-b9d0-ea6d06d511e0" />
    <UnitTestResult executionId="bf539f48-88a5-4224-9680-d0e6b2eb5287" testId="5d718aae-65d3-9204-0c77-27a70144af53" testName="TomerGroup.Tests.AuthenticationTests.JwtTokenService_ShouldGenerateValidTokenWithRoleClaims" computerName="DESKTOP-BH5OFV8" duration="00:00:00.0084557" startTime="2026-09-16T22:42:02.0970103-05:00" endTime="2026-09-16T22:42:02.0970105-05:00" testType="13cdc9d9-ddb5-4fa4-a97d-d965ccfc6d4b" outcome="Passed" testListId="8c84fa94-04c1-424b-9868-57a2d4851a1d" relativeResultsDirectory="bf539f48-88a5-4224-9680-d0e6b2eb5287" />
    <UnitTestResult executionId="0cb83906-cc03-41c9-bad5-171033c16618" testId="a54859f7-5760-0753-8ae7-d195babf31f3" testName="TomerGroup.Tests.Phase13SecurityTests.RateLimiter_EnforcesAuthEndpointLimit_AndResets" computerName="DESKTOP-BH5OFV8" duration="00:00:00.0016699" startTime="2026-09-16T22:42:01.7613176-05:00" endTime="2026-09-16T22:42:01.7613177-05:00" testType="13cdc9d9-ddb5-4fa4-a97d-d965ccfc6d4b" outcome="Passed" testListId="8c84fa94-04c1-424b-9868-57a2d4851a1d" relativeResultsDirectory="0cb83906-cc03-41c9-bad5-171033c16618" />
    <UnitTestResult executionId="8fba878c-6d00-448a-bd8c-3c42fbd8597c" testId="897886d6-d313-3f70-0c3a-0ebed165175b" testName="TomerGroup.Tests.Phase8DocumentsTests.GetCustomerDocumentsAsync_CustomerRole_OtherCustomer_AccessDenied" computerName="DESKTOP-BH5OFV8" duration="00:00:00.0166758" startTime="2026-09-16T22:42:01.6583586-05:00" endTime="2026-09-16T22:42:01.6583587-05:00" testType="13cdc9d9-ddb5-4fa4-a97d-d965ccfc6d4b" outcome="Passed" testListId="8c84fa94-04c1-424b-9868-57a2d4851a1d" relativeResultsDirectory="8fba878c-6d00-448a-bd8c-3c42fbd8597c" />
    <UnitTestResult executionId="1630413c-7b29-4d08-bbbd-b8ac3849ec20" testId="11764bd1-ab42-beef-647a-cf55e52581da" testName="TomerGroup.Tests.Phase3CustomerTests.SensitiveDataMasking_DefaultGetById_MasksPassportAndId" computerName="DESKTOP-BH5OFV8" duration="00:00:00.0027625" startTime="2026-09-16T22:42:01.8158443-05:00" endTime="2026-09-16T22:42:01.8158444-05:00" testType="13cdc9d9-ddb5-4fa4-a97d-d965ccfc6d4b" outcome="Passed" testListId="8c84fa94-04c1-424b-9868-57a2d4851a1d" relativeResultsDirectory="1630413c-7b29-4d08-bbbd-b8ac3849ec20" />
    <UnitTestResult executionId="0c28ae33-6b9a-4a9b-aa69-cd49bb36e23c" testId="1e3dd9ad-bdff-0c2a-52e2-fd945ec26aee" testName="TomerGroup.Tests.Phase13SecurityTests.SecuritySanitizer_MasksPassportAndIsraeliId_Correctly" computerName="DESKTOP-BH5OFV8" duration="00:00:00.0004832" startTime="2026-09-16T22:42:01.7618521-05:00" endTime="2026-09-16T22:42:01.7618522-05:00" testType="13cdc9d9-ddb5-4fa4-a97d-d965ccfc6d4b" outcome="Passed" testListId="8c84fa94-04c1-424b-9868-57a2d4851a1d" relativeResultsDirectory="0c28ae33-6b9a-4a9b-aa69-cd49bb36e23c" />
    <UnitTestResult executionId="8a982799-81bb-44c6-85ab-ff20bbafa02f" testId="b9e58ca3-1378-3b46-6fca-c4dfd236220c" testName="TomerGroup.Tests.Phase13SecurityTests.SecurityController_RateLimitAndSanitizePreview_ReturnsExpectedPayload" computerName="DESKTOP-BH5OFV8" duration="00:00:00.0187166" startTime="2026-09-16T22:42:01.7124086-05:00" endTime="2026-09-16T22:42:01.7124088-05:00" testType="13cdc9d9-ddb5-4fa4-a97d-d965ccfc6d4b" outcome="Passed" testListId="8c84fa94-04c1-424b-9868-57a2d4851a1d" relativeResultsDirectory="8a982799-81bb-44c6-85ab-ff20bbafa02f" />
    <UnitTestResult executionId="68dda511-25bf-4d34-b52f-665bce95bc6d" testId="5f314c72-194a-1c9a-e856-5a96bf8a025e" testName="TomerGroup.Tests.Phase2AuthenticationTests.All8Roles_HaveDistinctRolePoliciesDefined" computerName="DESKTOP-BH5OFV8" duration="00:00:00.0001080" startTime="2026-09-16T22:42:02.0377503-05:00" endTime="2026-09-16T22:42:02.0377504-05:00" testType="13cdc9d9-ddb5-4fa4-a97d-d965ccfc6d4b" outcome="Passed" testListId="8c84fa94-04c1-424b-9868-57a2d4851a1d" relativeResultsDirectory="68dda511-25bf-4d34-b52f-665bce95bc6d" />
    <UnitTestResult executionId="d208dac0-834f-4da5-8af7-f19ff74bafc6" testId="258c16f9-cd90-d4b4-453c-43950baf2a6a" testName="TomerGroup.Tests.Phase16MobileNavigationTests.AgencySettingsViewModel_ChangesLanguage_AndRefreshesState" computerName="DESKTOP-BH5OFV8" duration="00:00:00.0902926" startTime="2026-09-16T22:42:00.7073871-05:00" endTime="2026-09-16T22:42:00.7073875-05:00" testType="13cdc9d9-ddb5-4fa4-a97d-d965ccfc6d4b" outcome="Passed" testListId="8c84fa94-04c1-424b-9868-57a2d4851a1d" relativeResultsDirectory="d208dac0-834f-4da5-8af7-f19ff74bafc6" />
    <UnitTestResult executionId="47a00343-e684-4bb3-8d56-e14e709edd62" testId="6f230b14-140f-eb28-c384-6d8a7effaf3c" testName="TomerGroup.Tests.AuthenticationTests.RefreshToken_ShouldBeUniqueAndSecure" computerName="DESKTOP-BH5OFV8" duration="00:00:00.0001415" startTime="2026-09-16T22:42:02.0971861-05:00" endTime="2026-09-16T22:42:02.0971862-05:00" testType="13cdc9d9-ddb5-4fa4-a97d-d965ccfc6d4b" outcome="Passed" testListId="8c84fa94-04c1-424b-9868-57a2d4851a1d" relativeResultsDirectory="47a00343-e684-4bb3-8d56-e14e709edd62" />
    <UnitTestResult executionId="5398d258-b86d-4852-b185-231890de3316" testId="ea3d67cc-6e91-7d20-4c36-17cab9b2eea6" testName="TomerGroup.Tests.ApiHealthTests.HealthEndpoint_ShouldReturnHealthyWithTomerGroupBranding" computerName="DESKTOP-BH5OFV8" duration="00:00:00.9331339" startTime="2026-09-16T22:42:01.5422386-05:00" endTime="2026-09-16T22:42:01.5422388-05:00" testType="13cdc9d9-ddb5-4fa4-a97d-d965ccfc6d4b" outcome="Passed" testListId="8c84fa94-04c1-424b-9868-57a2d4851a1d" relativeResultsDirectory="5398d258-b86d-4852-b185-231890de3316" />
    <UnitTestResult executionId="dff82746-1cb1-4552-92ad-9ccda91a38d9" testId="5f5ee78d-43ac-1635-400c-341266583543" testName="TomerGroup.Tests.Phase15ProductionHardeningTests.ConfigurationValidator_InsecureJwtSecret_ReportsValidationError" computerName="DESKTOP-BH5OFV8" duration="00:00:00.0003294" startTime="2026-09-16T22:42:01.5457333-05:00" endTime="2026-09-16T22:42:01.5457334-05:00" testType="13cdc9d9-ddb5-4fa4-a97d-d965ccfc6d4b" outcome="Passed" testListId="8c84fa94-04c1-424b-9868-57a2d4851a1d" relativeResultsDirectory="dff82746-1cb1-4552-92ad-9ccda91a38d9" />
    <UnitTestResult executionId="eb38e206-55d4-46a1-a7b3-0a3749cb4145" testId="cc3f0196-e5b4-1982-566d-3c4c334de50d" testName="TomerGroup.Tests.Phase8DocumentsTests.UploadAsync_ValidPdf_SucceedsAndBindsCustomerPassport" computerName="DESKTOP-BH5OFV8" duration="00:00:00.9511606" startTime="2026-09-16T22:42:01.5601903-05:00" endTime="2026-09-16T22:42:01.5601905-05:00" testType="13cdc9d9-ddb5-4fa4-a97d-d965ccfc6d4b" outcome="Passed" testListId="8c84fa94-04c1-424b-9868-57a2d4851a1d" relativeResultsDirectory="eb38e206-55d4-46a1-a7b3-0a3749cb4145" />
    <UnitTestResult executionId="43b30a99-f3ef-47ae-9f34-9936c60e5b41" testId="8064f36f-c79d-e769-f0c8-b9ff7fb98ac9" testName="TomerGroup.Tests.AdminBackendTests.AdminUsers_DeactivateUser_SetsInactive_AndLogsAudit" computerName="DESKTOP-BH5OFV8" duration="00:00:00.1292811" startTime="2026-09-16T22:42:01.6602100-05:00" endTime="2026-09-16T22:42:01.6602101-05:00" testType="13cdc9d9-ddb5-4fa4-a97d-d965ccfc6d4b" outcome="Passed" testListId="8c84fa94-04c1-424b-9868-57a2d4851a1d" relativeResultsDirectory="43b30a99-f3ef-47ae-9f34-9936c60e5b41" />
    <UnitTestResult executionId="0e67f160-4484-46c3-ab13-53624ffb60b7" testId="c2bc3bfd-4845-316f-869a-f3f7993ffa0e" testName="TomerGroup.Tests.Phase12ReportsTests.ExportReportAsync_Pdf_GeneratesValidPdfBuffer" computerName="DESKTOP-BH5OFV8" duration="00:00:00.0025547" startTime="2026-09-16T22:42:01.6315484-05:00" endTime="2026-09-16T22:42:01.6315486-05:00" testType="13cdc9d9-ddb5-4fa4-a97d-d965ccfc6d4b" outcome="Passed" testListId="8c84fa94-04c1-424b-9868-57a2d4851a1d" relativeResultsDirectory="0e67f160-4484-46c3-ab13-53624ffb60b7" />
    <UnitTestResult executionId="b9bc16f5-ded3-466d-92b3-1166eb0ba437" testId="8ad210e6-d9f6-05ed-f6f9-5e950e5b4bed" testName="TomerGroup.Tests.Phase5ToursHotelsTransportationTests.TransportationTransfer_Lifecycle_AssignedToCompleted_WithDriverAndVehicle" computerName="DESKTOP-BH5OFV8" duration="00:00:00.0696496" startTime="2026-09-16T22:42:02.3424212-05:00" endTime="2026-09-16T22:42:02.3424214-05:00" testType="13cdc9d9-ddb5-4fa4-a97d-d965ccfc6d4b" outcome="Passed" testListId="8c84fa94-04c1-424b-9868-57a2d4851a1d" relativeResultsDirectory="b9bc16f5-ded3-466d-92b3-1166eb0ba437" />
    <UnitTestResult executionId="4b41b045-4c5d-4714-9a38-430e93677ad1" testId="83ca0a21-0f05-02e9-bfd0-9cabb63fef45" testName="TomerGroup.Tests.Phase9NotificationsWhatsAppTests.WhatsAppService_GenerateWhatsAppUrl_EncodesHebrewTextProperly" computerName="DESKTOP-BH5OFV8" duration="00:00:00.0006145" startTime="2026-09-16T22:42:01.5618496-05:00" endTime="2026-09-16T22:42:01.5618496-05:00" testType="13cdc9d9-ddb5-4fa4-a97d-d965ccfc6d4b" outcome="Passed" testListId="8c84fa94-04c1-424b-9868-57a2d4851a1d" relativeResultsDirectory="4b41b045-4c5d-4714-9a38-430e93677ad1" />
    <UnitTestResult executionId="9f526eb5-b197-4300-a63c-bb23a7ac200a" testId="a8041d1d-7a62-913f-a0db-d5b1eaa1cc7d" testName="TomerGroup.Tests.LocalizationTests.PhoneNumbers_MustRetainLtrFormattingInHebrew" computerName="DESKTOP-BH5OFV8" duration="00:00:00.0002936" startTime="2026-09-16T22:42:00.6668425-05:00" endTime="2026-09-16T22:42:00.6668426-05:00" testType="13cdc9d9-ddb5-4fa4-a97d-d965ccfc6d4b" outcome="Passed" testListId="8c84fa94-04c1-424b-9868-57a2d4851a1d" relativeResultsDirectory="9f526eb5-b197-4300-a63c-bb23a7ac200a" />
    <UnitTestResult executionId="fddd9113-1805-4c4b-838f-8d64298645b3" testId="362916ae-2400-f9eb-c00b-841b6959233b" testName="TomerGroup.Tests.AdminBackendTests.AdminAudit_GetAuditLogs_FiltersCorrectly" computerName="DESKTOP-BH5OFV8" duration="00:00:00.0183682" startTime="2026-09-16T22:42:01.9073681-05:00" endTime="2026-09-16T22:42:01.9073681-05:00" testType="13cdc9d9-ddb5-4fa4-a97d-d965ccfc6d4b" outcome="Passed" testListId="8c84fa94-04c1-424b-9868-57a2d4851a1d" relativeResultsDirectory="fddd9113-1805-4c4b-838f-8d64298645b3" />
    <UnitTestResult executionId="4f07ee40-4d20-4235-a463-d259e5970249" testId="a6fac8a3-e8bc-d230-aceb-21dd74e1791f" testName="TomerGroup.Tests.Phase12ReportsTests.GetExecutiveAnalyticsAsync_CalculatesKPIsCorrectly" computerName="DESKTOP-BH5OFV8" duration="00:00:00.0533481" startTime="2026-09-16T22:42:01.6849833-05:00" endTime="2026-09-16T22:42:01.6849837-05:00" testType="13cdc9d9-ddb5-4fa4-a97d-d965ccfc6d4b" outcome="Passed" testListId="8c84fa94-04c1-424b-9868-57a2d4851a1d" relativeResultsDirectory="4f07ee40-4d20-4235-a463-d259e5970249" />
    <UnitTestResult executionId="16229eb7-e21f-4419-bd71-36c430627e08" testId="704b32e9-c282-e804-1084-8f2907e54e29" testName="TomerGroup.Tests.Phase14EndToEndTests.Scenario2_AltitudeAcclimatizationAndKosherRules_EnforcedCorrectly" computerName="DESKTOP-BH5OFV8" duration="00:00:00.1133875" startTime="2026-09-16T22:42:01.8463041-05:00" endTime="2026-09-16T22:42:01.8463045-05:00" testType="13cdc9d9-ddb5-4fa4-a97d-d965ccfc6d4b" outcome="Passed" testListId="8c84fa94-04c1-424b-9868-57a2d4851a1d" relativeResultsDirectory="16229eb7-e21f-4419-bd71-36c430627e08" />
    <UnitTestResult executionId="21b8b401-47f7-4640-9f2a-901ab3078eb3" testId="2c360b4b-f87f-93ea-8a04-f5be3395b6ab" testName="TomerGroup.Tests.Phase15ProductionHardeningTests.ConfigurationValidator_InvalidHexColor_ReportsValidationError" computerName="DESKTOP-BH5OFV8" duration="00:00:00.0021493" startTime="2026-09-16T22:42:01.5453551-05:00" endTime="2026-09-16T22:42:01.5453553-05:00" testType="13cdc9d9-ddb5-4fa4-a97d-d965ccfc6d4b" outcome="Passed" testListId="8c84fa94-04c1-424b-9868-57a2d4851a1d" relativeResultsDirectory="21b8b401-47f7-4640-9f2a-901ab3078eb3" />
    <UnitTestResult executionId="5b643739-8b86-4561-976c-ae1e6e48db6e" testId="4219dc4f-3971-dbfb-bb49-a872c1763e32" testName="TomerGroup.Tests.Phase14EndToEndTests.Scenario1_CompleteCommercialTravelerLifecycle_PassesAllStages" computerName="DESKTOP-BH5OFV8" duration="00:00:00.1003835" startTime="2026-09-16T22:42:01.9927966-05:00" endTime="2026-09-16T22:42:01.9927967-05:00" testType="13cdc9d9-ddb5-4fa4-a97d-d965ccfc6d4b" outcome="Passed" testListId="8c84fa94-04c1-424b-9868-57a2d4851a1d" relativeResultsDirectory="5b643739-8b86-4561-976c-ae1e6e48db6e" />
    <UnitTestResult executionId="c31a29e2-8a92-431b-b7dd-0c08986b4362" testId="73734c80-2e20-5f86-93e6-57b7f0e0ad57" testName="TomerGroup.Tests.Phase11OfflineSyncTests.PushClientChangesAsync_CompletesActivityCheckIns" computerName="DESKTOP-BH5OFV8" duration="00:00:00.0744260" startTime="2026-09-16T22:42:01.6938072-05:00" endTime="2026-09-16T22:42:01.6938074-05:00" testType="13cdc9d9-ddb5-4fa4-a97d-d965ccfc6d4b" outcome="Passed" testListId="8c84fa94-04c1-424b-9868-57a2d4851a1d" relativeResultsDirectory="c31a29e2-8a92-431b-b7dd-0c08986b4362" />
    <UnitTestResult executionId="9cea548e-ce76-4e8d-a6ac-363194dcc352" testId="2d790030-088b-543b-10e7-520fcd4fb49e" testName="TomerGroup.Tests.Phase5ToursHotelsTransportationTests.TourCatalog_PersistsBilingualAttributes_AndKosherCertification" computerName="DESKTOP-BH5OFV8" duration="00:00:00.0631862" startTime="2026-09-16T22:42:02.2180119-05:00" endTime="2026-09-16T22:42:02.2180121-05:00" testType="13cdc9d9-ddb5-4fa4-a97d-d965ccfc6d4b" outcome="Passed" testListId="8c84fa94-04c1-424b-9868-57a2d4851a1d" relativeResultsDirectory="9cea548e-ce76-4e8d-a6ac-363194dcc352" />
    <UnitTestResult executionId="a6b7ee76-7096-465d-a3a3-6577b9de96cd" testId="6e574b47-e589-afd4-611b-cbf3ec430430" testName="TomerGroup.Tests.NavigationTests.NavigationService_ShouldSwitchShellsAndRaiseEvent" computerName="DESKTOP-BH5OFV8" duration="00:00:00.0008909" startTime="2026-09-16T22:42:01.7311215-05:00" endTime="2026-09-16T22:42:01.7311217-05:00" testType="13cdc9d9-ddb5-4fa4-a97d-d965ccfc6d4b" outcome="Passed" testListId="8c84fa94-04c1-424b-9868-57a2d4851a1d" relativeResultsDirectory="a6b7ee76-7096-465d-a3a3-6577b9de96cd" />
    <UnitTestResult executionId="59e323e2-af98-4efd-a742-bec6f9d1356d" testId="1f7e7a8e-61f8-c6f4-80f8-478df4aa9a49" testName="TomerGroup.Tests.AdminBackendTests.AdminUsers_CreateUser_HashesPassword_AndLogsAudit" computerName="DESKTOP-BH5OFV8" duration="00:00:00.1774051" startTime="2026-09-16T22:42:01.8376923-05:00" endTime="2026-09-16T22:42:01.8376925-05:00" testType="13cdc9d9-ddb5-4fa4-a97d-d965ccfc6d4b" outcome="Passed" testListId="8c84fa94-04c1-424b-9868-57a2d4851a1d" relativeResultsDirectory="59e323e2-af98-4efd-a742-bec6f9d1356d" />
    <UnitTestResult executionId="5593a40f-129e-44a8-b617-0d4b85873f1a" testId="10fa4567-8179-4283-721d-f808de2e5802" testName="TomerGroup.Tests.Phase6GuidesDriversTests.GuideCreation_StoresDirceturLicense_AndFirstAidCertification" computerName="DESKTOP-BH5OFV8" duration="00:00:00.0036463" startTime="2026-09-16T22:42:02.1952477-05:00" endTime="2026-09-16T22:42:02.1952478-05:00" testType="13cdc9d9-ddb5-4fa4-a97d-d965ccfc6d4b" outcome="Passed" testListId="8c84fa94-04c1-424b-9868-57a2d4851a1d" relativeResultsDirectory="5593a40f-129e-44a8-b617-0d4b85873f1a" />
    <UnitTestResult executionId="93fca710-db5c-4a64-9af6-d81cc6782681" testId="5f5a7231-0495-62c4-4127-91ac033665f4" testName="TomerGroup.Tests.Phase16MobileNavigationTests.MobileDependencyInjection_AllViewModelsResolve_WithoutMissingDependencies" computerName="DESKTOP-BH5OFV8" duration="00:00:00.0057620" startTime="2026-09-16T22:42:00.7412121-05:00" endTime="2026-09-16T22:42:00.7412124-05:00" testType="13cdc9d9-ddb5-4fa4-a97d-d965ccfc6d4b" outcome="Passed" testListId="8c84fa94-04c1-424b-9868-57a2d4851a1d" relativeResultsDirectory="93fca710-db5c-4a64-9af6-d81cc6782681" />
    <UnitTestResult executionId="46a98a05-023b-4cd6-9667-4d80cd80ebb7" testId="47d4bc52-5e1b-a2ab-13ac-85ee966d1f8a" testName="TomerGroup.Tests.Phase14EndToEndTests.Scenario3_WhatsAppCustomerDispatch_GeneratesValidHebrewMessageAndDeepLink" computerName="DESKTOP-BH5OFV8" duration="00:00:00.0459919" startTime="2026-09-16T22:42:01.8923484-05:00" endTime="2026-09-16T22:42:01.8923486-05:00" testType="13cdc9d9-ddb5-4fa4-a97d-d965ccfc6d4b" outcome="Passed" testListId="8c84fa94-04c1-424b-9868-57a2d4851a1d" relativeResultsDirectory="46a98a05-023b-4cd6-9667-4d80cd80ebb7" />
    <UnitTestResult executionId="3122fdce-6590-4bb7-8f0e-5dd54bcccd23" testId="61146d21-7c27-3972-033c-8bc9441cc755" testName="TomerGroup.Tests.Phase8DocumentsTests.DeleteAsync_SoftDeletesDocument_AndLogsAudit" computerName="DESKTOP-BH5OFV8" duration="00:00:00.0291098" startTime="2026-09-16T22:42:01.5927289-05:00" endTime="2026-09-16T22:42:01.5927291-05:00" testType="13cdc9d9-ddb5-4fa4-a97d-d965ccfc6d4b" outcome="Passed" testListId="8c84fa94-04c1-424b-9868-57a2d4851a1d" relativeResultsDirectory="3122fdce-6590-4bb7-8f0e-5dd54bcccd23" />
    <UnitTestResult executionId="3cc0914d-886c-49b0-9513-25e8f55a2ccd" testId="0de1d27b-bfe7-f727-f52c-8712f4d3a0a0" testName="TomerGroup.Tests.Phase8DocumentsTests.UploadAsync_FileSizeExceeds15MB_FailsValidation" computerName="DESKTOP-BH5OFV8" duration="00:00:00.0032496" startTime="2026-09-16T22:42:01.5651818-05:00" endTime="2026-09-16T22:42:01.5651821-05:00" testType="13cdc9d9-ddb5-4fa4-a97d-d965ccfc6d4b" outcome="Passed" testListId="8c84fa94-04c1-424b-9868-57a2d4851a1d" relativeResultsDirectory="3cc0914d-886c-49b0-9513-25e8f55a2ccd" />
    <UnitTestResult executionId="4e19b55c-5054-446a-9acf-0fe785346ac3" testId="4f97b150-c410-51cb-55c0-bcb5d420310f" testName="TomerGroup.Tests.Phase3CustomerTests.CustomerSelfUpdate_UpdatesProfile_WithoutModifyingAgencyInternalNotes" computerName="DESKTOP-BH5OFV8" duration="00:00:00.0333758" startTime="2026-09-16T22:42:01.6617861-05:00" endTime="2026-09-16T22:42:01.6617863-05:00" testType="13cdc9d9-ddb5-4fa4-a97d-d965ccfc6d4b" outcome="Passed" testListId="8c84fa94-04c1-424b-9868-57a2d4851a1d" relativeResultsDirectory="4e19b55c-5054-446a-9acf-0fe785346ac3" />
    <UnitTestResult executionId="34ebeff0-77f5-47bb-8d10-39c1efa4f732" testId="9222dcc0-5ecb-be68-35f6-2f78a61afe63" testName="TomerGroup.Tests.Phase3CustomerTests.CustomerIsolation_CustomerACannotAccessCustomerBProfile" computerName="DESKTOP-BH5OFV8" duration="00:00:00.0017870" startTime="2026-09-16T22:42:01.6283393-05:00" endTime="2026-09-16T22:42:01.6283394-05:00" testType="13cdc9d9-ddb5-4fa4-a97d-d965ccfc6d4b" outcome="Passed" testListId="8c84fa94-04c1-424b-9868-57a2d4851a1d" relativeResultsDirectory="34ebeff0-77f5-47bb-8d10-39c1efa4f732" />
    <UnitTestResult executionId="e79d5ee0-3391-44db-8e91-08f9a4cd47ad" testId="8d88acbc-4c7a-8611-69d8-7a2388787244" testName="TomerGroup.Tests.LocalizationTests.TechnicalIds_MustRetainLtrFormattingInHebrew" computerName="DESKTOP-BH5OFV8" duration="00:00:00.0238875" startTime="2026-09-16T22:42:00.6667870-05:00" endTime="2026-09-16T22:42:00.6667871-05:00" testType="13cdc9d9-ddb5-4fa4-a97d-d965ccfc6d4b" outcome="Passed" testListId="8c84fa94-04c1-424b-9868-57a2d4851a1d" relativeResultsDirectory="e79d5ee0-3391-44db-8e91-08f9a4cd47ad" />
    <UnitTestResult executionId="b79ada09-806d-424c-b013-18caccd101d0" testId="635908cf-7141-bb38-cc04-201bc2fd0344" testName="TomerGroup.Tests.Phase13SecurityTests.SecuritySanitizer_SanitizesXssAndPathTraversal_PreventingAttacks" computerName="DESKTOP-BH5OFV8" duration="00:00:00.0003130" startTime="2026-09-16T22:42:01.7127662-05:00" endTime="2026-09-16T22:42:01.7127664-05:00" testType="13cdc9d9-ddb5-4fa4-a97d-d965ccfc6d4b" outcome="Passed" testListId="8c84fa94-04c1-424b-9868-57a2d4851a1d" relativeResultsDirectory="b79ada09-806d-424c-b013-18caccd101d0" />
    <UnitTestResult executionId="409c6d0c-3e82-41f2-8680-73a0f476923f" testId="1d1c8476-23e6-23f6-8b0f-c4a5ad120ee2" testName="TomerGroup.Tests.Phase16MobileNavigationTests.NavigationService_TransitionsShellStates_Correctly" computerName="DESKTOP-BH5OFV8" duration="00:00:00.0104277" startTime="2026-09-16T22:42:00.7353589-05:00" endTime="2026-09-16T22:42:00.7353591-05:00" testType="13cdc9d9-ddb5-4fa4-a97d-d965ccfc6d4b" outcome="Passed" testListId="8c84fa94-04c1-424b-9868-57a2d4851a1d" relativeResultsDirectory="409c6d0c-3e82-41f2-8680-73a0f476923f" />
    <UnitTestResult executionId="d79503c1-c9ab-4e6c-8bc2-2d870ab8aba5" testId="171892cc-7621-4a0c-08b2-fe1cbd724a2f" testName="TomerGroup.Tests.DomainModelTests.Trip_ShouldCalculateGrossProfitAccurately" computerName="DESKTOP-BH5OFV8" duration="00:00:00.0032544" startTime="2026-09-16T22:42:00.6671222-05:00" endTime="2026-09-16T22:42:00.6671223-05:00" testType="13cdc9d9-ddb5-4fa4-a97d-d965ccfc6d4b" outcome="Passed" testListId="8c84fa94-04c1-424b-9868-57a2d4851a1d" relativeResultsDirectory="d79503c1-c9ab-4e6c-8bc2-2d870ab8aba5" />
    <UnitTestResult executionId="9ef794ec-fbad-43d0-9b38-08eb93e9c93a" testId="39bc71e5-5fa2-4317-d447-f756a6d3f3db" testName="TomerGroup.Tests.Phase10AIAssistantTests.DraftWhatsAppMessageAsync_AltitudeSickness_GeneratesHebrewMedicalResponseWithOxygenAdvice" computerName="DESKTOP-BH5OFV8" duration="00:00:00.0057257" startTime="2026-09-16T22:42:01.8789784-05:00" endTime="2026-09-16T22:42:01.8789786-05:00" testType="13cdc9d9-ddb5-4fa4-a97d-d965ccfc6d4b" outcome="Passed" testListId="8c84fa94-04c1-424b-9868-57a2d4851a1d" relativeResultsDirectory="9ef794ec-fbad-43d0-9b38-08eb93e9c93a" />
    <UnitTestResult executionId="421ad208-44c0-4744-8c25-501e3558eec9" testId="807176cc-4398-75d8-fa1f-77360ee02417" testName="TomerGroup.Tests.Phase15ProductionHardeningTests.HealthController_GetReadiness_WithInMemoryDb_ReturnsReadyAndSubsystems" computerName="DESKTOP-BH5OFV8" duration="00:00:00.0061810" startTime="2026-09-16T22:42:01.5562717-05:00" endTime="2026-09-16T22:42:01.5562721-05:00" testType="13cdc9d9-ddb5-4fa4-a97d-d965ccfc6d4b" outcome="Passed" testListId="8c84fa94-04c1-424b-9868-57a2d4851a1d" relativeResultsDirectory="421ad208-44c0-4744-8c25-501e3558eec9" />
    <UnitTestResult executionId="04ea4183-28a9-4250-a408-d79455fa5fdc" testId="17779a20-6e94-31ad-bb62-a5dca3d9b773" testName="TomerGroup.Tests.LocalizationTests.DefaultLanguage_ShouldBeHebrewWithTrueRtl" computerName="DESKTOP-BH5OFV8" duration="00:00:00.0003420" startTime="2026-09-16T22:42:00.6667160-05:00" endTime="2026-09-16T22:42:00.6667161-05:00" testType="13cdc9d9-ddb5-4fa4-a97d-d965ccfc6d4b" outcome="Failed" testListId="8c84fa94-04c1-424b-9868-57a2d4851a1d" relativeResultsDirectory="04ea4183-28a9-4250-a408-d79455fa5fdc">
      <Output>
        <ErrorInfo>
          <Message>Assert.Equal() Failure: Strings differ&#xD;
                ↓ (pos 5)&#xD;
Expected: "שלום דני \ud83d\udc4b"&#xD;
Actual:   "שלום \ud83d\udc4b"&#xD;
                ↑ (pos 5)</Message>
          <StackTrace>   at TomerGroup.Tests.LocalizationTests.DefaultLanguage_ShouldBeHebrewWithTrueRtl() in C:\Users\Usuario\Documents\Tomergroup\tests\TomerGroup.Tests\LocalizationTests.cs:line 18&#xD;
   at System.RuntimeMethodHandle.InvokeMethod(Object target, Void** arguments, Signature sig, Boolean isConstructor)&#xD;
   at System.Reflection.MethodBaseInvoker.InvokeWithNoArgs(Object obj, BindingFlags invokeAttr)</StackTrace>
        </ErrorInfo>
      </Output>
    </UnitTestResult>
    <UnitTestResult executionId="98fc6355-3f37-4e59-b7b0-705a7acc7cfa" testId="13d21305-71d3-de0f-749c-f827087b9307" testName="TomerGroup.Tests.Phase10AIAssistantTests.RejectRequestAsync_TransitionsStatusToRejected_AndLogsAudit" computerName="DESKTOP-BH5OFV8" duration="00:00:00.0106944" startTime="2026-09-16T22:42:01.9045824-05:00" endTime="2026-09-16T22:42:01.9045826-05:00" testType="13cdc9d9-ddb5-4fa4-a97d-d965ccfc6d4b" outcome="Passed" testListId="8c84fa94-04c1-424b-9868-57a2d4851a1d" relativeResultsDirectory="98fc6355-3f37-4e59-b7b0-705a7acc7cfa" />
    <UnitTestResult executionId="c3822a00-3601-49b4-80db-21fd5773131c" testId="62071f09-51a0-9bba-b3e7-b17d4fc0900c" testName="TomerGroup.Tests.Phase14EndToEndTests.Scenario4_TravelerDataIsolation_BlocksCrossCustomerAccess" computerName="DESKTOP-BH5OFV8" duration="00:00:00.0101604" startTime="2026-09-16T22:42:02.0030744-05:00" endTime="2026-09-16T22:42:02.0030745-05:00" testType="13cdc9d9-ddb5-4fa4-a97d-d965ccfc6d4b" outcome="Passed" testListId="8c84fa94-04c1-424b-9868-57a2d4851a1d" relativeResultsDirectory="c3822a00-3601-49b4-80db-21fd5773131c" />
    <UnitTestResult executionId="d0c4cef8-8630-4892-a66d-5ec4aa2e9f65" testId="ab211bb9-f6f1-8238-6d74-00fefe85eb74" testName="TomerGroup.Tests.LocalizationTests.EnglishAndSpanish_ShouldHaveLtrLayoutDirection" computerName="DESKTOP-BH5OFV8" duration="00:00:00.0049420" startTime="2026-09-16T22:42:00.6657945-05:00" endTime="2026-09-16T22:42:00.6657947-05:00" testType="13cdc9d9-ddb5-4fa4-a97d-d965ccfc6d4b" outcome="Failed" testListId="8c84fa94-04c1-424b-9868-57a2d4851a1d" relativeResultsDirectory="d0c4cef8-8630-4892-a66d-5ec4aa2e9f65">
      <Output>
        <ErrorInfo>
          <Message>Assert.Equal() Failure: Strings differ&#xD;
                 ↓ (pos 6)&#xD;
Expected: "Hello Danny \ud83d\udc4b"&#xD;
Actual:   "Hello \ud83d\udc4b"&#xD;
                 ↑ (pos 6)</Message>
          <StackTrace>   at TomerGroup.Tests.LocalizationTests.EnglishAndSpanish_ShouldHaveLtrLayoutDirection() in C:\Users\Usuario\Documents\Tomergroup\tests\TomerGroup.Tests\LocalizationTests.cs:line 33&#xD;
   at System.RuntimeMethodHandle.InvokeMethod(Object target, Void** arguments, Signature sig, Boolean isConstructor)&#xD;
   at System.Reflection.MethodBaseInvoker.InvokeWithNoArgs(Object obj, BindingFlags invokeAttr)</StackTrace>
        </ErrorInfo>
      </Output>
    </UnitTestResult>
    <UnitTestResult executionId="b38f06ac-4ec0-4fb9-a533-c33430d221ec" testId="d0d3fd78-e1e8-b061-81f9-ed8d08b1ee6f" testName="TomerGroup.Tests.Phase8DocumentsTests.GetCustomerDocumentsAsync_CustomerRole_StrictIsolation_OnlyOwnVisibleDocuments" computerName="DESKTOP-BH5OFV8" duration="00:00:00.0333462" startTime="2026-09-16T22:42:01.6917572-05:00" endTime="2026-09-16T22:42:01.6917573-05:00" testType="13cdc9d9-ddb5-4fa4-a97d-d965ccfc6d4b" outcome="Passed" testListId="8c84fa94-04c1-424b-9868-57a2d4851a1d" relativeResultsDirectory="b38f06ac-4ec0-4fb9-a533-c33430d221ec" />
    <UnitTestResult executionId="e04ea063-14d4-43c6-87d1-e22849c97da7" testId="1226d10b-a31b-6518-5540-8fe5e1746fa8" testName="TomerGroup.Tests.Phase9NotificationsWhatsAppTests.WhatsAppService_SanitizePhoneNumber_FormatsCorrectly" computerName="DESKTOP-BH5OFV8" duration="00:00:00.0003534" startTime="2026-09-16T22:42:01.6082860-05:00" endTime="2026-09-16T22:42:01.6082862-05:00" testType="13cdc9d9-ddb5-4fa4-a97d-d965ccfc6d4b" outcome="Passed" testListId="8c84fa94-04c1-424b-9868-57a2d4851a1d" relativeResultsDirectory="e04ea063-14d4-43c6-87d1-e22849c97da7" />
    <UnitTestResult executionId="35bb5bbd-6751-4c81-b8a4-b978c666be45" testId="c6b88812-4a3e-ff2a-223c-b19c894d92e3" testName="TomerGroup.Tests.Phase13SecurityTests.SecurityHeadersMiddleware_InjectsExpectedOwaspHeaders" computerName="DESKTOP-BH5OFV8" duration="00:00:00.0053464" startTime="2026-09-16T22:42:01.7595810-05:00" endTime="2026-09-16T22:42:01.7595814-05:00" testType="13cdc9d9-ddb5-4fa4-a97d-d965ccfc6d4b" outcome="Passed" testListId="8c84fa94-04c1-424b-9868-57a2d4851a1d" relativeResultsDirectory="35bb5bbd-6751-4c81-b8a4-b978c666be45" />
    <UnitTestResult executionId="11b5a4ce-5be9-4a5b-900e-8da22bacc8bb" testId="e0bbfc09-125c-9fe6-4529-baa5b4539c0c" testName="TomerGroup.Tests.Phase10AIAssistantTests.GenerateItineraryDraftAsync_CreatesAIRequestInDraftStatus_UnapprovedByDefault" computerName="DESKTOP-BH5OFV8" duration="00:00:00.0018707" startTime="2026-09-16T22:42:01.8905260-05:00" endTime="2026-09-16T22:42:01.8905262-05:00" testType="13cdc9d9-ddb5-4fa4-a97d-d965ccfc6d4b" outcome="Passed" testListId="8c84fa94-04c1-424b-9868-57a2d4851a1d" relativeResultsDirectory="11b5a4ce-5be9-4a5b-900e-8da22bacc8bb" />
    <UnitTestResult executionId="e254af18-a988-45d0-bbea-caecdfb1e23b" testId="80c1959e-814a-887a-4ef3-44dd4993a271" testName="TomerGroup.Tests.Phase10AIAssistantTests.ApproveRequestAsync_HumanInTheLoop_TransitionsStatusToApproved_AndLogsAudit" computerName="DESKTOP-BH5OFV8" duration="00:00:00.0095598" startTime="2026-09-16T22:42:01.8885921-05:00" endTime="2026-09-16T22:42:01.8885922-05:00" testType="13cdc9d9-ddb5-4fa4-a97d-d965ccfc6d4b" outcome="Passed" testListId="8c84fa94-04c1-424b-9868-57a2d4851a1d" relativeResultsDirectory="e254af18-a988-45d0-bbea-caecdfb1e23b" />
    <UnitTestResult executionId="f6fa6a68-c7d0-4afc-8573-29bfe42cc205" testId="baaeb620-7110-a2d0-9d27-242d45eba014" testName="TomerGroup.Tests.Phase6GuidesDriversTests.DriverCreation_StoresMtcLicense_AndProfessionalCategory" computerName="DESKTOP-BH5OFV8" duration="00:00:00.0041932" startTime="2026-09-16T22:42:02.0271818-05:00" endTime="2026-09-16T22:42:02.0271821-05:00" testType="13cdc9d9-ddb5-4fa4-a97d-d965ccfc6d4b" outcome="Passed" testListId="8c84fa94-04c1-424b-9868-57a2d4851a1d" relativeResultsDirectory="f6fa6a68-c7d0-4afc-8573-29bfe42cc205" />
    <UnitTestResult executionId="96d8c0f6-f6bb-4747-8d6d-cde6ab972980" testId="2baf1f88-0d36-688d-4be6-ddb87b6925b5" testName="TomerGroup.Tests.Phase15ProductionHardeningTests.HealthController_GetLiveness_ReturnsProcessStatsAndLiveStatus" computerName="DESKTOP-BH5OFV8" duration="00:00:00.0041912" startTime="2026-09-16T22:42:01.5500093-05:00" endTime="2026-09-16T22:42:01.5500095-05:00" testType="13cdc9d9-ddb5-4fa4-a97d-d965ccfc6d4b" outcome="Passed" testListId="8c84fa94-04c1-424b-9868-57a2d4851a1d" relativeResultsDirectory="96d8c0f6-f6bb-4747-8d6d-cde6ab972980" />
    <UnitTestResult executionId="944b3036-a8bd-4c8d-8638-804cd4433649" testId="79b09cbf-27f6-c7f7-882e-8fe76e247aa6" testName="TomerGroup.Tests.DomainModelTests.BookingCode_ShouldFollowTomerGroupStandard(code: &quot;TG-2026-00482&quot;)" computerName="DESKTOP-BH5OFV8" duration="00:00:00.0001007" startTime="2026-09-16T22:42:00.6670386-05:00" endTime="2026-09-16T22:42:00.6670386-05:00" testType="13cdc9d9-ddb5-4fa4-a97d-d965ccfc6d4b" outcome="Passed" testListId="8c84fa94-04c1-424b-9868-57a2d4851a1d" relativeResultsDirectory="944b3036-a8bd-4c8d-8638-804cd4433649" />
    <UnitTestResult executionId="fb5d3ff7-a399-44e6-876d-272653707c1e" testId="f411c7d6-b8bb-188e-f16d-551d4a5081fb" testName="TomerGroup.Tests.Phase8DocumentsTests.UploadAsync_InvalidExtension_FailsValidation" computerName="DESKTOP-BH5OFV8" duration="00:00:00.0015030" startTime="2026-09-16T22:42:01.6933257-05:00" endTime="2026-09-16T22:42:01.6933258-05:00" testType="13cdc9d9-ddb5-4fa4-a97d-d965ccfc6d4b" outcome="Passed" testListId="8c84fa94-04c1-424b-9868-57a2d4851a1d" relativeResultsDirectory="fb5d3ff7-a399-44e6-876d-272653707c1e" />
    <UnitTestResult executionId="e43d9797-8fd1-418d-af1e-861c85a0a8a8" testId="4a3a792b-6a5d-6a7a-b337-bbbf624f0779" testName="TomerGroup.Tests.Phase8DocumentsTests.GetCustomerDocumentsAsync_StaffRole_ReturnsAllDocumentsIncludingHidden" computerName="DESKTOP-BH5OFV8" duration="00:00:00.0487883" startTime="2026-09-16T22:42:01.6415793-05:00" endTime="2026-09-16T22:42:01.6415795-05:00" testType="13cdc9d9-ddb5-4fa4-a97d-d965ccfc6d4b" outcome="Passed" testListId="8c84fa94-04c1-424b-9868-57a2d4851a1d" relativeResultsDirectory="e43d9797-8fd1-418d-af1e-861c85a0a8a8" />
    <UnitTestResult executionId="11dbc025-82d0-46f2-beae-1a93e40d4a93" testId="6d0591f0-fa56-a0dc-304d-ebc0e42a1e97" testName="TomerGroup.Tests.Phase5ToursHotelsTransportationTests.DetailedBooking_AggregatesHotelsAndTransfers_Accurately" computerName="DESKTOP-BH5OFV8" duration="00:00:00.3363755" startTime="2026-09-16T22:42:02.0871549-05:00" endTime="2026-09-16T22:42:02.0871553-05:00" testType="13cdc9d9-ddb5-4fa4-a97d-d965ccfc6d4b" outcome="Passed" testListId="8c84fa94-04c1-424b-9868-57a2d4851a1d" relativeResultsDirectory="11dbc025-82d0-46f2-beae-1a93e40d4a93" />
    <UnitTestResult executionId="838fde77-34a5-43be-babf-568acb7f4e93" testId="b8eeedb0-3fce-6092-15f8-36eba1e77b6f" testName="TomerGroup.Tests.Phase12ReportsTests.GetExecutiveAnalyticsAsync_DateFiltering_ExcludesOutOfRangeRecords" computerName="DESKTOP-BH5OFV8" duration="00:00:00.0476401" startTime="2026-09-16T22:42:01.7327001-05:00" endTime="2026-09-16T22:42:01.7327002-05:00" testType="13cdc9d9-ddb5-4fa4-a97d-d965ccfc6d4b" outcome="Passed" testListId="8c84fa94-04c1-424b-9868-57a2d4851a1d" relativeResultsDirectory="838fde77-34a5-43be-babf-568acb7f4e93" />
  </Results>
  <TestDefinitions>
    <UnitTest name="TomerGroup.Tests.Phase3CustomerTests.AgencySearchAndFilter_SupportsHebrewAndDietaryFilters" storage="c:\users\usuario\documents\tomergroup\tests\tomergroup.tests\bin\debug\net8.0\tomergroup.tests.dll" id="54c956de-eb7e-5026-03d0-5a5116b6ff8c">
      <Execution id="4b74b41b-271d-45ff-bda0-606e0fcedb6f" />
      <TestMethod codeBase="C:\Users\Usuario\Documents\Tomergroup\tests\TomerGroup.Tests\bin\Debug\net8.0\TomerGroup.Tests.dll" adapterTypeName="executor://xunit/VsTestRunner2/netcoreapp" className="TomerGroup.Tests.Phase3CustomerTests" name="AgencySearchAndFilter_SupportsHebrewAndDietaryFilters" />
    </UnitTest>
    <UnitTest name="TomerGroup.Tests.Phase10AIAssistantTests.RejectRequestAsync_TransitionsStatusToRejected_AndLogsAudit" storage="c:\users\usuario\documents\tomergroup\tests\tomergroup.tests\bin\debug\net8.0\tomergroup.tests.dll" id="13d21305-71d3-de0f-749c-f827087b9307">
      <Execution id="98fc6355-3f37-4e59-b7b0-705a7acc7cfa" />
      <TestMethod codeBase="C:\Users\Usuario\Documents\Tomergroup\tests\TomerGroup.Tests\bin\Debug\net8.0\TomerGroup.Tests.dll" adapterTypeName="executor://xunit/VsTestRunner2/netcoreapp" className="TomerGroup.Tests.Phase10AIAssistantTests" name="RejectRequestAsync_TransitionsStatusToRejected_AndLogsAudit" />
    </UnitTest>
    <UnitTest name="TomerGroup.Tests.NavigationTests.NavigationService_ShouldSwitchShellsAndRaiseEvent" storage="c:\users\usuario\documents\tomergroup\tests\tomergroup.tests\bin\debug\net8.0\tomergroup.tests.dll" id="6e574b47-e589-afd4-611b-cbf3ec430430">
      <Execution id="a6b7ee76-7096-465d-a3a3-6577b9de96cd" />
      <TestMethod codeBase="C:\Users\Usuario\Documents\Tomergroup\tests\TomerGroup.Tests\bin\Debug\net8.0\TomerGroup.Tests.dll" adapterTypeName="executor://xunit/VsTestRunner2/netcoreapp" className="TomerGroup.Tests.NavigationTests" name="NavigationService_ShouldSwitchShellsAndRaiseEvent" />
    </UnitTest>
    <UnitTest name="TomerGroup.Tests.Phase3CustomerTests.SensitiveDataEndpoint_UnauthorizedUser_Rejected" storage="c:\users\usuario\documents\tomergroup\tests\tomergroup.tests\bin\debug\net8.0\tomergroup.tests.dll" id="314ef39e-5a1a-40c2-fb85-80d2a5d39742">
      <Execution id="ce947091-e6aa-4c15-b0c6-fc2eaac1800d" />
      <TestMethod codeBase="C:\Users\Usuario\Documents\Tomergroup\tests\TomerGroup.Tests\bin\Debug\net8.0\TomerGroup.Tests.dll" adapterTypeName="executor://xunit/VsTestRunner2/netcoreapp" className="TomerGroup.Tests.Phase3CustomerTests" name="SensitiveDataEndpoint_UnauthorizedUser_Rejected" />
    </UnitTest>
    <UnitTest name="TomerGroup.Tests.AdminBackendTests.AdminDashboard_EmptyDatabase_ReturnsZeroMetricsWithoutError" storage="c:\users\usuario\documents\tomergroup\tests\tomergroup.tests\bin\debug\net8.0\tomergroup.tests.dll" id="fe239e44-4a2b-c2a1-c9e2-d6f41ae3e456">
      <Execution id="d3488838-5467-4291-a3db-3f7052fd5b74" />
      <TestMethod codeBase="C:\Users\Usuario\Documents\Tomergroup\tests\TomerGroup.Tests\bin\Debug\net8.0\TomerGroup.Tests.dll" adapterTypeName="executor://xunit/VsTestRunner2/netcoreapp" className="TomerGroup.Tests.AdminBackendTests" name="AdminDashboard_EmptyDatabase_ReturnsZeroMetricsWithoutError" />
    </UnitTest>
    <UnitTest name="TomerGroup.Tests.AuthenticationTests.JwtTokenService_ShouldGenerateValidTokenWithRoleClaims" storage="c:\users\usuario\documents\tomergroup\tests\tomergroup.tests\bin\debug\net8.0\tomergroup.tests.dll" id="5d718aae-65d3-9204-0c77-27a70144af53">
      <Execution id="bf539f48-88a5-4224-9680-d0e6b2eb5287" />
      <TestMethod codeBase="C:\Users\Usuario\Documents\Tomergroup\tests\TomerGroup.Tests\bin\Debug\net8.0\TomerGroup.Tests.dll" adapterTypeName="executor://xunit/VsTestRunner2/netcoreapp" className="TomerGroup.Tests.AuthenticationTests" name="JwtTokenService_ShouldGenerateValidTokenWithRoleClaims" />
    </UnitTest>
    <UnitTest name="TomerGroup.Tests.Phase6GuidesDriversTests.DriverAssignment_ScheduleBufferConflict_EnforcesTransitBuffer" storage="c:\users\usuario\documents\tomergroup\tests\tomergroup.tests\bin\debug\net8.0\tomergroup.tests.dll" id="69a07301-a1b4-2066-eab4-8b290f17bb9f">
      <Execution id="dc56a876-0c38-4840-b59a-692e679fbfef" />
      <TestMethod codeBase="C:\Users\Usuario\Documents\Tomergroup\tests\TomerGroup.Tests\bin\Debug\net8.0\TomerGroup.Tests.dll" adapterTypeName="executor://xunit/VsTestRunner2/netcoreapp" className="TomerGroup.Tests.Phase6GuidesDriversTests" name="DriverAssignment_ScheduleBufferConflict_EnforcesTransitBuffer" />
    </UnitTest>
    <UnitTest name="TomerGroup.Tests.AuthenticationTests.PasswordHasher_ShouldCorrectlyHashAndVerify" storage="c:\users\usuario\documents\tomergroup\tests\tomergroup.tests\bin\debug\net8.0\tomergroup.tests.dll" id="bb5224b7-ae45-88df-3615-fede27215b66">
      <Execution id="ce9f4481-8ec8-4799-93f4-aef84c41e083" />
      <TestMethod codeBase="C:\Users\Usuario\Documents\Tomergroup\tests\TomerGroup.Tests\bin\Debug\net8.0\TomerGroup.Tests.dll" adapterTypeName="executor://xunit/VsTestRunner2/netcoreapp" className="TomerGroup.Tests.AuthenticationTests" name="PasswordHasher_ShouldCorrectlyHashAndVerify" />
    </UnitTest>
    <UnitTest name="TomerGroup.Tests.Phase6GuidesDriversTests.GuideAssignment_ScheduleConflict_PreventsDoubleBooking" storage="c:\users\usuario\documents\tomergroup\tests\tomergroup.tests\bin\debug\net8.0\tomergroup.tests.dll" id="de24823b-3532-7908-ea51-2675bea677af">
      <Execution id="d085c0d1-72c9-4c5b-a50d-545fda7b64fb" />
      <TestMethod codeBase="C:\Users\Usuario\Documents\Tomergroup\tests\TomerGroup.Tests\bin\Debug\net8.0\TomerGroup.Tests.dll" adapterTypeName="executor://xunit/VsTestRunner2/netcoreapp" className="TomerGroup.Tests.Phase6GuidesDriversTests" name="GuideAssignment_ScheduleConflict_PreventsDoubleBooking" />
    </UnitTest>
    <UnitTest name="TomerGroup.Tests.Phase14EndToEndTests.Scenario2_AltitudeAcclimatizationAndKosherRules_EnforcedCorrectly" storage="c:\users\usuario\documents\tomergroup\tests\tomergroup.tests\bin\debug\net8.0\tomergroup.tests.dll" id="704b32e9-c282-e804-1084-8f2907e54e29">
      <Execution id="16229eb7-e21f-4419-bd71-36c430627e08" />
      <TestMethod codeBase="C:\Users\Usuario\Documents\Tomergroup\tests\TomerGroup.Tests\bin\Debug\net8.0\TomerGroup.Tests.dll" adapterTypeName="executor://xunit/VsTestRunner2/netcoreapp" className="TomerGroup.Tests.Phase14EndToEndTests" name="Scenario2_AltitudeAcclimatizationAndKosherRules_EnforcedCorrectly" />
    </UnitTest>
    <UnitTest name="TomerGroup.Tests.Phase9NotificationsWhatsAppTests.WhatsAppService_SanitizePhoneNumber_FormatsCorrectly" storage="c:\users\usuario\documents\tomergroup\tests\tomergroup.tests\bin\debug\net8.0\tomergroup.tests.dll" id="1226d10b-a31b-6518-5540-8fe5e1746fa8">
      <Execution id="e04ea063-14d4-43c6-87d1-e22849c97da7" />
      <TestMethod codeBase="C:\Users\Usuario\Documents\Tomergroup\tests\TomerGroup.Tests\bin\Debug\net8.0\TomerGroup.Tests.dll" adapterTypeName="executor://xunit/VsTestRunner2/netcoreapp" className="TomerGroup.Tests.Phase9NotificationsWhatsAppTests" name="WhatsAppService_SanitizePhoneNumber_FormatsCorrectly" />
    </UnitTest>
    <UnitTest name="TomerGroup.Tests.Phase8DocumentsTests.GetCustomerDocumentsAsync_CustomerRole_OtherCustomer_AccessDenied" storage="c:\users\usuario\documents\tomergroup\tests\tomergroup.tests\bin\debug\net8.0\tomergroup.tests.dll" id="897886d6-d313-3f70-0c3a-0ebed165175b">
      <Execution id="8fba878c-6d00-448a-bd8c-3c42fbd8597c" />
      <TestMethod codeBase="C:\Users\Usuario\Documents\Tomergroup\tests\TomerGroup.Tests\bin\Debug\net8.0\TomerGroup.Tests.dll" adapterTypeName="executor://xunit/VsTestRunner2/netcoreapp" className="TomerGroup.Tests.Phase8DocumentsTests" name="GetCustomerDocumentsAsync_CustomerRole_OtherCustomer_AccessDenied" />
    </UnitTest>
    <UnitTest name="TomerGroup.Tests.DomainModelTests.Booking_ShouldCalculateOutstandingAmountCorrectly" storage="c:\users\usuario\documents\tomergroup\tests\tomergroup.tests\bin\debug\net8.0\tomergroup.tests.dll" id="8f119c4c-54ed-a637-a4ae-f0fd041d48d1">
      <Execution id="9a7324cf-c804-4e21-aeb9-559879cc41ad" />
      <TestMethod codeBase="C:\Users\Usuario\Documents\Tomergroup\tests\TomerGroup.Tests\bin\Debug\net8.0\TomerGroup.Tests.dll" adapterTypeName="executor://xunit/VsTestRunner2/netcoreapp" className="TomerGroup.Tests.DomainModelTests" name="Booking_ShouldCalculateOutstandingAmountCorrectly" />
    </UnitTest>
    <UnitTest name="TomerGroup.Tests.Phase5ToursHotelsTransportationTests.DetailedBooking_AggregatesHotelsAndTransfers_Accurately" storage="c:\users\usuario\documents\tomergroup\tests\tomergroup.tests\bin\debug\net8.0\tomergroup.tests.dll" id="6d0591f0-fa56-a0dc-304d-ebc0e42a1e97">
      <Execution id="11dbc025-82d0-46f2-beae-1a93e40d4a93" />
      <TestMethod codeBase="C:\Users\Usuario\Documents\Tomergroup\tests\TomerGroup.Tests\bin\Debug\net8.0\TomerGroup.Tests.dll" adapterTypeName="executor://xunit/VsTestRunner2/netcoreapp" className="TomerGroup.Tests.Phase5ToursHotelsTransportationTests" name="DetailedBooking_AggregatesHotelsAndTransfers_Accurately" />
    </UnitTest>
    <UnitTest name="TomerGroup.Tests.Phase6GuidesDriversTests.GuideDailyManifest_AggregatesTravelerDetails_AndSpecialNeeds" storage="c:\users\usuario\documents\tomergroup\tests\tomergroup.tests\bin\debug\net8.0\tomergroup.tests.dll" id="3a6d454c-5473-d506-b872-f7799b0100b2">
      <Execution id="4b45532c-6e24-47c3-b9d0-ea6d06d511e0" />
      <TestMethod codeBase="C:\Users\Usuario\Documents\Tomergroup\tests\TomerGroup.Tests\bin\Debug\net8.0\TomerGroup.Tests.dll" adapterTypeName="executor://xunit/VsTestRunner2/netcoreapp" className="TomerGroup.Tests.Phase6GuidesDriversTests" name="GuideDailyManifest_AggregatesTravelerDetails_AndSpecialNeeds" />
    </UnitTest>
    <UnitTest name="TomerGroup.Tests.Phase12ReportsTests.ExportReportAsync_Pdf_GeneratesValidPdfBuffer" storage="c:\users\usuario\documents\tomergroup\tests\tomergroup.tests\bin\debug\net8.0\tomergroup.tests.dll" id="c2bc3bfd-4845-316f-869a-f3f7993ffa0e">
      <Execution id="0e67f160-4484-46c3-ab13-53624ffb60b7" />
      <TestMethod codeBase="C:\Users\Usuario\Documents\Tomergroup\tests\TomerGroup.Tests\bin\Debug\net8.0\TomerGroup.Tests.dll" adapterTypeName="executor://xunit/VsTestRunner2/netcoreapp" className="TomerGroup.Tests.Phase12ReportsTests" name="ExportReportAsync_Pdf_GeneratesValidPdfBuffer" />
    </UnitTest>
    <UnitTest name="TomerGroup.Tests.Phase9NotificationsWhatsAppTests.NotificationService_MarkAsRead_UpdatesIsReadAndReadAt" storage="c:\users\usuario\documents\tomergroup\tests\tomergroup.tests\bin\debug\net8.0\tomergroup.tests.dll" id="17a177c8-4e61-0b3c-e964-34dcf76e9b77">
      <Execution id="cdfef64e-04ca-45d0-8e45-1125300cadd8" />
[...]
    <TestEntry testId="8f2f7c1b-55e5-e788-3f3f-d28e4468a8e5" executionId="3027e67b-fedf-48f3-bfce-f93e8789b7b0" testListId="8c84fa94-04c1-424b-9868-57a2d4851a1d" />
    <TestEntry testId="b8d7acc3-aa26-ad2c-c965-a928fdfe07dd" executionId="c7548a7b-b869-4a7b-95cd-bcc9671b652c" testListId="8c84fa94-04c1-424b-9868-57a2d4851a1d" />
    <TestEntry testId="54c956de-eb7e-5026-03d0-5a5116b6ff8c" executionId="4b74b41b-271d-45ff-bda0-606e0fcedb6f" testListId="8c84fa94-04c1-424b-9868-57a2d4851a1d" />
    <TestEntry testId="84333772-79eb-d422-3965-63cf8206b01a" executionId="ceca9ec0-94ea-4ff8-aa04-812b4920c9bc" testListId="8c84fa94-04c1-424b-9868-57a2d4851a1d" />
    <TestEntry testId="17a177c8-4e61-0b3c-e964-34dcf76e9b77" executionId="cdfef64e-04ca-45d0-8e45-1125300cadd8" testListId="8c84fa94-04c1-424b-9868-57a2d4851a1d" />
    <TestEntry testId="de24823b-3532-7908-ea51-2675bea677af" executionId="d085c0d1-72c9-4c5b-a50d-545fda7b64fb" testListId="8c84fa94-04c1-424b-9868-57a2d4851a1d" />
    <TestEntry testId="26fdf9ec-6fc4-853e-438d-0a6fe7bbf80d" executionId="aa79332f-44e3-44d0-8e95-584e4cd65d28" testListId="8c84fa94-04c1-424b-9868-57a2d4851a1d" />
    <TestEntry testId="080efe55-a08a-9618-497b-5c3f3881762a" executionId="1a9830a7-6dec-4efc-89e5-5d47673df678" testListId="8c84fa94-04c1-424b-9868-57a2d4851a1d" />
    <TestEntry testId="492e51e2-5550-ceee-244c-614e69946778" executionId="a149c5d5-a381-4ad1-961e-509b8f447133" testListId="8c84fa94-04c1-424b-9868-57a2d4851a1d" />
    <TestEntry testId="810f8e33-da4a-5ffc-67a7-98e3df7391c8" executionId="ddd9d26c-b5a6-4a9f-aef5-d57af9eec20b" testListId="8c84fa94-04c1-424b-9868-57a2d4851a1d" />
    <TestEntry testId="ebca4b1b-fc48-64b2-7120-60722ad5f1e1" executionId="0a4ee812-3e6d-4523-9512-cb2082ba925b" testListId="8c84fa94-04c1-424b-9868-57a2d4851a1d" />
    <TestEntry testId="9f51ec72-0ccc-8a03-d8e3-dbe77c6a4ceb" executionId="223438d9-6549-4276-a9dc-c866f4c5f3d8" testListId="8c84fa94-04c1-424b-9868-57a2d4851a1d" />
    <TestEntry testId="ab362138-ded5-8f48-51b7-57f19a750ca4" executionId="4087353b-5c14-4b29-9cf1-ff71ae056424" testListId="8c84fa94-04c1-424b-9868-57a2d4851a1d" />
    <TestEntry testId="8f119c4c-54ed-a637-a4ae-f0fd041d48d1" executionId="9a7324cf-c804-4e21-aeb9-559879cc41ad" testListId="8c84fa94-04c1-424b-9868-57a2d4851a1d" />
    <TestEntry testId="e96d431c-295a-d7f5-fc0f-c21dd74f9db5" executionId="46b32be2-addd-4eee-acdb-e8841118ec19" testListId="8c84fa94-04c1-424b-9868-57a2d4851a1d" />
    <TestEntry testId="6d9539e0-f020-9e2e-4fdd-1280fae503b3" executionId="d5740945-fa37-4a7a-9e23-8701be166f1e" testListId="8c84fa94-04c1-424b-9868-57a2d4851a1d" />
    <TestEntry testId="5737ef52-0a8f-7882-3b85-210066f3b0d9" executionId="10d89f72-8cb0-4841-b2f7-158b8bd59f26" testListId="8c84fa94-04c1-424b-9868-57a2d4851a1d" />
    <TestEntry testId="d8a260ff-10c2-439b-4b7c-4e9dcb28e72d" executionId="337b674a-449a-4765-a535-00021b1feaa6" testListId="8c84fa94-04c1-424b-9868-57a2d4851a1d" />
    <TestEntry testId="7801a881-9e9a-6e12-bc21-9761a4e71a68" executionId="139f19cf-490f-4cd2-ba93-93acec9ec575" testListId="8c84fa94-04c1-424b-9868-57a2d4851a1d" />
    <TestEntry testId="7726f6e9-4cb5-e0fb-2463-445c5f5bcd8f" executionId="f83abae9-395e-40ee-a8af-fd462ba77c87" testListId="8c84fa94-04c1-424b-9868-57a2d4851a1d" />
    <TestEntry testId="4855b239-f8db-2c4e-0f50-ef1deee5b56a" executionId="fa0756b5-db3e-41fd-a36a-d970f99968a2" testListId="8c84fa94-04c1-424b-9868-57a2d4851a1d" />
    <TestEntry testId="02882260-8972-7d67-a43a-15e6457237a3" executionId="4e2a70a7-9993-4cf0-a660-347706f64e09" testListId="8c84fa94-04c1-424b-9868-57a2d4851a1d" />
    <TestEntry testId="98322368-4549-10a7-d907-1fd6007c2492" executionId="5bba65ff-0b18-4303-89af-d6e275892aab" testListId="8c84fa94-04c1-424b-9868-57a2d4851a1d" />
    <TestEntry testId="1924b63b-d84e-dd00-9473-4c3cb70f16b5" executionId="2f6fbf08-31c8-44d2-b87a-be68d064c7c1" testListId="8c84fa94-04c1-424b-9868-57a2d4851a1d" />
    <TestEntry testId="d604fd10-b192-040f-3833-44b2e6f8cf97" executionId="8cd533c5-ab71-421a-a940-86f6b136d659" testListId="8c84fa94-04c1-424b-9868-57a2d4851a1d" />
    <TestEntry testId="69a07301-a1b4-2066-eab4-8b290f17bb9f" executionId="dc56a876-0c38-4840-b59a-692e679fbfef" testListId="8c84fa94-04c1-424b-9868-57a2d4851a1d" />
    <TestEntry testId="314ef39e-5a1a-40c2-fb85-80d2a5d39742" executionId="ce947091-e6aa-4c15-b0c6-fc2eaac1800d" testListId="8c84fa94-04c1-424b-9868-57a2d4851a1d" />
    <TestEntry testId="4ea9eaa0-cbbc-c7c1-214e-38794e21abde" executionId="1485e86a-3619-4cad-9ebe-f767f626e107" testListId="8c84fa94-04c1-424b-9868-57a2d4851a1d" />
    <TestEntry testId="ef6f8a5d-9415-f134-2e76-6983fdeea14e" executionId="dc3553bf-c532-4157-b45f-61e37da19907" testListId="8c84fa94-04c1-424b-9868-57a2d4851a1d" />
    <TestEntry testId="f747072b-2976-4a2c-0ae4-10b4bbb48769" executionId="d1da6135-1a45-4c46-a560-e244e807bcd6" testListId="8c84fa94-04c1-424b-9868-57a2d4851a1d" />
    <TestEntry testId="e2f5819b-2774-7b4b-67c8-27079a874bb0" executionId="233b96e2-863f-421b-a0e1-96c6f57c47f5" testListId="8c84fa94-04c1-424b-9868-57a2d4851a1d" />
    <TestEntry testId="533d51b5-cb5b-7679-6644-756fb1a16cd7" executionId="5db14b90-563b-4147-a1ec-149fa0f2f101" testListId="8c84fa94-04c1-424b-9868-57a2d4851a1d" />
    <TestEntry testId="6751a1a6-b352-7d04-d8cc-243b9fbf594e" executionId="b4d38441-3eed-477d-838d-583afd8ad40e" testListId="8c84fa94-04c1-424b-9868-57a2d4851a1d" />
    <TestEntry testId="fb54658c-9340-6362-2bee-e9b79aa8f97b" executionId="08fd6ced-da1a-4ab0-9095-e95630286236" testListId="8c84fa94-04c1-424b-9868-57a2d4851a1d" />
    <TestEntry testId="6e47d5cd-931d-c0e9-1815-ad8b5f225b9d" executionId="529343c2-107d-4c1f-9812-1fadd820be08" testListId="8c84fa94-04c1-424b-9868-57a2d4851a1d" />
    <TestEntry testId="fe239e44-4a2b-c2a1-c9e2-d6f41ae3e456" executionId="d3488838-5467-4291-a3db-3f7052fd5b74" testListId="8c84fa94-04c1-424b-9868-57a2d4851a1d" />
    <TestEntry testId="4e6221d0-6f99-1346-c690-2d98d62cfa6d" executionId="195bb331-a79a-42a6-b51e-8c2b0281a094" testListId="8c84fa94-04c1-424b-9868-57a2d4851a1d" />
    <TestEntry testId="9b219bb1-ee2d-3f43-29c9-d69b629ca58d" executionId="f82aa38c-9d52-470d-8255-198eedab0681" testListId="8c84fa94-04c1-424b-9868-57a2d4851a1d" />
    <TestEntry testId="a006b16d-22a5-fb14-963e-0ea98e240e1d" executionId="c5a1d611-41e9-4891-b64d-2f5051e68710" testListId="8c84fa94-04c1-424b-9868-57a2d4851a1d" />
    <TestEntry testId="48e0afea-7b5b-14c7-4aa4-2c10e667fcc9" executionId="9f7895c8-0f6b-4def-82a9-02bdef84b860" testListId="8c84fa94-04c1-424b-9868-57a2d4851a1d" />
    <TestEntry testId="ba54314a-c723-6e2c-2797-c6ae42d12d34" executionId="300aa09d-595f-4be9-9e0a-1987384fe936" testListId="8c84fa94-04c1-424b-9868-57a2d4851a1d" />
    <TestEntry testId="31cd8c54-bea5-d0ed-bf58-36b495b88bd6" executionId="3b9cbd84-379b-4e7e-bea5-ba941e3bd5f4" testListId="8c84fa94-04c1-424b-9868-57a2d4851a1d" />
    <TestEntry testId="982bc7ec-9a33-d202-0094-5449243b7adb" executionId="519d41a9-febc-4b00-af60-90ba4bd3d74a" testListId="8c84fa94-04c1-424b-9868-57a2d4851a1d" />
    <TestEntry testId="bb5224b7-ae45-88df-3615-fede27215b66" executionId="ce9f4481-8ec8-4799-93f4-aef84c41e083" testListId="8c84fa94-04c1-424b-9868-57a2d4851a1d" />
    <TestEntry testId="4b42a69e-bc26-81a0-320d-7ea41073f9a4" executionId="21c6bcd5-65e3-4e32-a3d4-c87619593681" testListId="8c84fa94-04c1-424b-9868-57a2d4851a1d" />
    <TestEntry testId="3a6d454c-5473-d506-b872-f7799b0100b2" executionId="4b45532c-6e24-47c3-b9d0-ea6d06d511e0" testListId="8c84fa94-04c1-424b-9868-57a2d4851a1d" />
    <TestEntry testId="5d718aae-65d3-9204-0c77-27a70144af53" executionId="bf539f48-88a5-4224-9680-d0e6b2eb5287" testListId="8c84fa94-04c1-424b-9868-57a2d4851a1d" />
    <TestEntry testId="a54859f7-5760-0753-8ae7-d195babf31f3" executionId="0cb83906-cc03-41c9-bad5-171033c16618" testListId="8c84fa94-04c1-424b-9868-57a2d4851a1d" />
    <TestEntry testId="897886d6-d313-3f70-0c3a-0ebed165175b" executionId="8fba878c-6d00-448a-bd8c-3c42fbd8597c" testListId="8c84fa94-04c1-424b-9868-57a2d4851a1d" />
    <TestEntry testId="11764bd1-ab42-beef-647a-cf55e52581da" executionId="1630413c-7b29-4d08-bbbd-b8ac3849ec20" testListId="8c84fa94-04c1-424b-9868-57a2d4851a1d" />
    <TestEntry testId="1e3dd9ad-bdff-0c2a-52e2-fd945ec26aee" executionId="0c28ae33-6b9a-4a9b-aa69-cd49bb36e23c" testListId="8c84fa94-04c1-424b-9868-57a2d4851a1d" />
    <TestEntry testId="b9e58ca3-1378-3b46-6fca-c4dfd236220c" executionId="8a982799-81bb-44c6-85ab-ff20bbafa02f" testListId="8c84fa94-04c1-424b-9868-57a2d4851a1d" />
    <TestEntry testId="5f314c72-194a-1c9a-e856-5a96bf8a025e" executionId="68dda511-25bf-4d34-b52f-665bce95bc6d" testListId="8c84fa94-04c1-424b-9868-57a2d4851a1d" />
    <TestEntry testId="258c16f9-cd90-d4b4-453c-43950baf2a6a" executionId="d208dac0-834f-4da5-8af7-f19ff74bafc6" testListId="8c84fa94-04c1-424b-9868-57a2d4851a1d" />
    <TestEntry testId="6f230b14-140f-eb28-c384-6d8a7effaf3c" executionId="47a00343-e684-4bb3-8d56-e14e709edd62" testListId="8c84fa94-04c1-424b-9868-57a2d4851a1d" />
    <TestEntry testId="ea3d67cc-6e91-7d20-4c36-17cab9b2eea6" executionId="5398d258-b86d-4852-b185-231890de3316" testListId="8c84fa94-04c1-424b-9868-57a2d4851a1d" />
    <TestEntry testId="5f5ee78d-43ac-1635-400c-341266583543" executionId="dff82746-1cb1-4552-92ad-9ccda91a38d9" testListId="8c84fa94-04c1-424b-9868-57a2d4851a1d" />
    <TestEntry testId="cc3f0196-e5b4-1982-566d-3c4c334de50d" executionId="eb38e206-55d4-46a1-a7b3-0a3749cb4145" testListId="8c84fa94-04c1-424b-9868-57a2d4851a1d" />
    <TestEntry testId="8064f36f-c79d-e769-f0c8-b9ff7fb98ac9" executionId="43b30a99-f3ef-47ae-9f34-9936c60e5b41" testListId="8c84fa94-04c1-424b-9868-57a2d4851a1d" />
    <TestEntry testId="c2bc3bfd-4845-316f-869a-f3f7993ffa0e" executionId="0e67f160-4484-46c3-ab13-53624ffb60b7" testListId="8c84fa94-04c1-424b-9868-57a2d4851a1d" />
    <TestEntry testId="8ad210e6-d9f6-05ed-f6f9-5e950e5b4bed" executionId="b9bc16f5-ded3-466d-92b3-1166eb0ba437" testListId="8c84fa94-04c1-424b-9868-57a2d4851a1d" />
    <TestEntry testId="83ca0a21-0f05-02e9-bfd0-9cabb63fef45" executionId="4b41b045-4c5d-4714-9a38-430e93677ad1" testListId="8c84fa94-04c1-424b-9868-57a2d4851a1d" />
    <TestEntry testId="a8041d1d-7a62-913f-a0db-d5b1eaa1cc7d" executionId="9f526eb5-b197-4300-a63c-bb23a7ac200a" testListId="8c84fa94-04c1-424b-9868-57a2d4851a1d" />
    <TestEntry testId="362916ae-2400-f9eb-c00b-841b6959233b" executionId="fddd9113-1805-4c4b-838f-8d64298645b3" testListId="8c84fa94-04c1-424b-9868-57a2d4851a1d" />
    <TestEntry testId="a6fac8a3-e8bc-d230-aceb-21dd74e1791f" executionId="4f07ee40-4d20-4235-a463-d259e5970249" testListId="8c84fa94-04c1-424b-9868-57a2d4851a1d" />
    <TestEntry testId="704b32e9-c282-e804-1084-8f2907e54e29" executionId="16229eb7-e21f-4419-bd71-36c430627e08" testListId="8c84fa94-04c1-424b-9868-57a2d4851a1d" />
    <TestEntry testId="2c360b4b-f87f-93ea-8a04-f5be3395b6ab" executionId="21b8b401-47f7-4640-9f2a-901ab3078eb3" testListId="8c84fa94-04c1-424b-9868-57a2d4851a1d" />
    <TestEntry testId="4219dc4f-3971-dbfb-bb49-a872c1763e32" executionId="5b643739-8b86-4561-976c-ae1e6e48db6e" testListId="8c84fa94-04c1-424b-9868-57a2d4851a1d" />
    <TestEntry testId="73734c80-2e20-5f86-93e6-57b7f0e0ad57" executionId="c31a29e2-8a92-431b-b7dd-0c08986b4362" testListId="8c84fa94-04c1-424b-9868-57a2d4851a1d" />
    <TestEntry testId="2d790030-088b-543b-10e7-520fcd4fb49e" executionId="9cea548e-ce76-4e8d-a6ac-363194dcc352" testListId="8c84fa94-04c1-424b-9868-57a2d4851a1d" />
    <TestEntry testId="6e574b47-e589-afd4-611b-cbf3ec430430" executionId="a6b7ee76-7096-465d-a3a3-6577b9de96cd" testListId="8c84fa94-04c1-424b-9868-57a2d4851a1d" />
    <TestEntry testId="1f7e7a8e-61f8-c6f4-80f8-478df4aa9a49" executionId="59e323e2-af98-4efd-a742-bec6f9d1356d" testListId="8c84fa94-04c1-424b-9868-57a2d4851a1d" />
    <TestEntry testId="10fa4567-8179-4283-721d-f808de2e5802" executionId="5593a40f-129e-44a8-b617-0d4b85873f1a" testListId="8c84fa94-04c1-424b-9868-57a2d4851a1d" />
    <TestEntry testId="5f5a7231-0495-62c4-4127-91ac033665f4" executionId="93fca710-db5c-4a64-9af6-d81cc6782681" testListId="8c84fa94-04c1-424b-9868-57a2d4851a1d" />
    <TestEntry testId="47d4bc52-5e1b-a2ab-13ac-85ee966d1f8a" executionId="46a98a05-023b-4cd6-9667-4d80cd80ebb7" testListId="8c84fa94-04c1-424b-9868-57a2d4851a1d" />
    <TestEntry testId="61146d21-7c27-3972-033c-8bc9441cc755" executionId="3122fdce-6590-4bb7-8f0e-5dd54bcccd23" testListId="8c84fa94-04c1-424b-9868-57a2d4851a1d" />
    <TestEntry testId="0de1d27b-bfe7-f727-f52c-8712f4d3a0a0" executionId="3cc0914d-886c-49b0-9513-25e8f55a2ccd" testListId="8c84fa94-04c1-424b-9868-57a2d4851a1d" />
    <TestEntry testId="4f97b150-c410-51cb-55c0-bcb5d420310f" executionId="4e19b55c-5054-446a-9acf-0fe785346ac3" testListId="8c84fa94-04c1-424b-9868-57a2d4851a1d" />
    <TestEntry testId="9222dcc0-5ecb-be68-35f6-2f78a61afe63" executionId="34ebeff0-77f5-47bb-8d10-39c1efa4f732" testListId="8c84fa94-04c1-424b-9868-57a2d4851a1d" />
    <TestEntry testId="8d88acbc-4c7a-8611-69d8-7a2388787244" executionId="e79d5ee0-3391-44db-8e91-08f9a4cd47ad" testListId="8c84fa94-04c1-424b-9868-57a2d4851a1d" />
    <TestEntry testId="635908cf-7141-bb38-cc04-201bc2fd0344" executionId="b79ada09-806d-424c-b013-18caccd101d0" testListId="8c84fa94-04c1-424b-9868-57a2d4851a1d" />
    <TestEntry testId="1d1c8476-23e6-23f6-8b0f-c4a5ad120ee2" executionId="409c6d0c-3e82-41f2-8680-73a0f476923f" testListId="8c84fa94-04c1-424b-9868-57a2d4851a1d" />
    <TestEntry testId="171892cc-7621-4a0c-08b2-fe1cbd724a2f" executionId="d79503c1-c9ab-4e6c-8bc2-2d870ab8aba5" testListId="8c84fa94-04c1-424b-9868-57a2d4851a1d" />
    <TestEntry testId="39bc71e5-5fa2-4317-d447-f756a6d3f3db" executionId="9ef794ec-fbad-43d0-9b38-08eb93e9c93a" testListId="8c84fa94-04c1-424b-9868-57a2d4851a1d" />
    <TestEntry testId="807176cc-4398-75d8-fa1f-77360ee02417" executionId="421ad208-44c0-4744-8c25-501e3558eec9" testListId="8c84fa94-04c1-424b-9868-57a2d4851a1d" />
    <TestEntry testId="17779a20-6e94-31ad-bb62-a5dca3d9b773" executionId="04ea4183-28a9-4250-a408-d79455fa5fdc" testListId="8c84fa94-04c1-424b-9868-57a2d4851a1d" />
    <TestEntry testId="13d21305-71d3-de0f-749c-f827087b9307" executionId="98fc6355-3f37-4e59-b7b0-705a7acc7cfa" testListId="8c84fa94-04c1-424b-9868-57a2d4851a1d" />
    <TestEntry testId="62071f09-51a0-9bba-b3e7-b17d4fc0900c" executionId="c3822a00-3601-49b4-80db-21fd5773131c" testListId="8c84fa94-04c1-424b-9868-57a2d4851a1d" />
    <TestEntry testId="ab211bb9-f6f1-8238-6d74-00fefe85eb74" executionId="d0c4cef8-8630-4892-a66d-5ec4aa2e9f65" testListId="8c84fa94-04c1-424b-9868-57a2d4851a1d" />
    <TestEntry testId="d0d3fd78-e1e8-b061-81f9-ed8d08b1ee6f" executionId="b38f06ac-4ec0-4fb9-a533-c33430d221ec" testListId="8c84fa94-04c1-424b-9868-57a2d4851a1d" />
    <TestEntry testId="1226d10b-a31b-6518-5540-8fe5e1746fa8" executionId="e04ea063-14d4-43c6-87d1-e22849c97da7" testListId="8c84fa94-04c1-424b-9868-57a2d4851a1d" />
    <TestEntry testId="c6b88812-4a3e-ff2a-223c-b19c894d92e3" executionId="35bb5bbd-6751-4c81-b8a4-b978c666be45" testListId="8c84fa94-04c1-424b-9868-57a2d4851a1d" />
    <TestEntry testId="e0bbfc09-125c-9fe6-4529-baa5b4539c0c" executionId="11b5a4ce-5be9-4a5b-900e-8da22bacc8bb" testListId="8c84fa94-04c1-424b-9868-57a2d4851a1d" />
    <TestEntry testId="80c1959e-814a-887a-4ef3-44dd4993a271" executionId="e254af18-a988-45d0-bbea-caecdfb1e23b" testListId="8c84fa94-04c1-424b-9868-57a2d4851a1d" />
    <TestEntry testId="baaeb620-7110-a2d0-9d27-242d45eba014" executionId="f6fa6a68-c7d0-4afc-8573-29bfe42cc205" testListId="8c84fa94-04c1-424b-9868-57a2d4851a1d" />
    <TestEntry testId="2baf1f88-0d36-688d-4be6-ddb87b6925b5" executionId="96d8c0f6-f6bb-4747-8d6d-cde6ab972980" testListId="8c84fa94-04c1-424b-9868-57a2d4851a1d" />
    <TestEntry testId="79b09cbf-27f6-c7f7-882e-8fe76e247aa6" executionId="944b3036-a8bd-4c8d-8638-804cd4433649" testListId="8c84fa94-04c1-424b-9868-57a2d4851a1d" />
    <TestEntry testId="f411c7d6-b8bb-188e-f16d-551d4a5081fb" executionId="fb5d3ff7-a399-44e6-876d-272653707c1e" testListId="8c84fa94-04c1-424b-9868-57a2d4851a1d" />
    <TestEntry testId="4a3a792b-6a5d-6a7a-b337-bbbf624f0779" executionId="e43d9797-8fd1-418d-af1e-861c85a0a8a8" testListId="8c84fa94-04c1-424b-9868-57a2d4851a1d" />
    <TestEntry testId="6d0591f0-fa56-a0dc-304d-ebc0e42a1e97" executionId="11dbc025-82d0-46f2-beae-1a93e40d4a93" testListId="8c84fa94-04c1-424b-9868-57a2d4851a1d" />
    <TestEntry testId="b8eeedb0-3fce-6092-15f8-36eba1e77b6f" executionId="838fde77-34a5-43be-babf-568acb7f4e93" testListId="8c84fa94-04c1-424b-9868-57a2d4851a1d" />
  </TestEntries>
  <TestLists>
    <TestList name="Results Not in a List" id="8c84fa94-04c1-424b-9868-57a2d4851a1d" />
    <TestList name="All Loaded Results" id="19431567-8539-422a-85d7-44ee4e166bda" />
  </TestLists>
  <ResultSummary outcome="Failed">
    <Counters total="120" executed="120" passed="118" failed="2" error="0" timeout="0" aborted="0" inconclusive="0" passedButRunAborted="0" notRunnable="0" notExecuted="0" disconnected="0" warning="0" completed="0" inProgress="0" pending="0" />
    <Output>
      <StdOut>[xUnit.net 00:00:00.00] xUnit.net VSTest Adapter v2.5.3.1+6b60a9e56a (64-bit .NET 8.0.31)&#xD;
[xUnit.net 00:00:00.11]   Discovering: TomerGroup.Tests&#xD;
[xUnit.net 00:00:00.17]   Discovered:  TomerGroup.Tests&#xD;
[xUnit.net 00:00:00.17]   Starting:    TomerGroup.Tests&#xD;
[xUnit.net 00:00:00.27]       Assert.Equal() Failure: Strings differ&#xD;
[xUnit.net 00:00:00.27]                        ↓ (pos 6)&#xD;
[xUnit.net 00:00:00.27]       Expected: "Hello Danny \ud83d\udc4b"&#xD;
[xUnit.net 00:00:00.27]       Actual:   "Hello \ud83d\udc4b"&#xD;
[xUnit.net 00:00:00.27]                        ↑ (pos 6)&#xD;
[xUnit.net 00:00:00.27]       Stack Trace:&#xD;
[xUnit.net 00:00:00.27]         C:\Users\Usuario\Documents\Tomergroup\tests\TomerGroup.Tests\LocalizationTests.cs(33,0): at TomerGroup.Tests.LocalizationTests.EnglishAndSpanish_ShouldHaveLtrLayoutDirection()&#xD;
[xUnit.net 00:00:00.27]            at System.RuntimeMethodHandle.InvokeMethod(Object target, Void** arguments, Signature sig, Boolean isConstructor)&#xD;
[xUnit.net 00:00:00.27]            at System.Reflection.MethodBaseInvoker.InvokeWithNoArgs(Object obj, BindingFlags invokeAttr)&#xD;
[xUnit.net 00:00:00.27]       Assert.Equal() Failure: Strings differ&#xD;
[xUnit.net 00:00:00.27]                       ↓ (pos 5)&#xD;
[xUnit.net 00:00:00.27]       Expected: "שלום דני \ud83d\udc4b"&#xD;
[xUnit.net 00:00:00.27]       Actual:   "שלום \ud83d\udc4b"&#xD;
[xUnit.net 00:00:00.27]                       ↑ (pos 5)&#xD;
[xUnit.net 00:00:00.27]       Stack Trace:&#xD;
[xUnit.net 00:00:00.27]         C:\Users\Usuario\Documents\Tomergroup\tests\TomerGroup.Tests\LocalizationTests.cs(18,0): at TomerGroup.Tests.LocalizationTests.DefaultLanguage_ShouldBeHebrewWithTrueRtl()&#xD;
[xUnit.net 00:00:00.27]            at System.RuntimeMethodHandle.InvokeMethod(Object target, Void** arguments, Signature sig, Boolean isConstructor)&#xD;
[xUnit.net 00:00:00.27]            at System.Reflection.MethodBaseInvoker.InvokeWithNoArgs(Object obj, BindingFlags invokeAttr)&#xD;
[xUnit.net 00:00:02.62]   Finished:    TomerGroup.Tests&#xD;
</StdOut>
    </Output>
    <RunInfos>
      <RunInfo computerName="DESKTOP-BH5OFV8" outcome="Error" timestamp="2026-09-16T22:42:00.7091783-05:00">
        <Text>[xUnit.net 00:00:00.27]     TomerGroup.Tests.LocalizationTests.EnglishAndSpanish_ShouldHaveLtrLayoutDirection [FAIL]</Text>
      </RunInfo>
      <RunInfo computerName="DESKTOP-BH5OFV8" outcome="Error" timestamp="2026-09-16T22:42:00.7094885-05:00">
        <Text>[xUnit.net 00:00:00.27]     TomerGroup.Tests.LocalizationTests.DefaultLanguage_ShouldBeHebrewWithTrueRtl [FAIL]</Text>
      </RunInfo>
    </RunInfos>
  </ResultSummary>
</TestRun>